2022.05.23 16:36:29 INFO  ce[][o.s.p.ProcessEntryPoint] Starting ce
2022.05.23 16:36:29 INFO  ce[][o.s.ce.app.CeServer] Compute Engine starting up...
2022.05.23 16:36:30 INFO  ce[][o.e.p.PluginsService] no modules loaded
2022.05.23 16:36:30 INFO  ce[][o.e.p.PluginsService] loaded plugin [org.elasticsearch.join.ParentJoinPlugin]
2022.05.23 16:36:30 INFO  ce[][o.e.p.PluginsService] loaded plugin [org.elasticsearch.percolator.PercolatorPlugin]
2022.05.23 16:36:30 INFO  ce[][o.e.p.PluginsService] loaded plugin [org.elasticsearch.transport.Netty4Plugin]
2022.05.23 16:36:32 INFO  ce[][o.s.s.e.EsClientProvider] Connected to local Elasticsearch: [127.0.0.1:9001]
2022.05.23 16:36:32 INFO  ce[][o.sonar.db.Database] Create JDBC data source for jdbc:h2:tcp://127.0.0.1:9092/sonar
2022.05.23 16:36:32 WARN  ce[][o.s.db.dialect.H2] H2 database should be used for evaluation purpose only.
2022.05.23 16:36:34 INFO  ce[][o.s.s.p.ServerFileSystemImpl] SonarQube home: /home/alumno/Escritorio/gpi2/sonarqube-7.8
2022.05.23 16:36:34 INFO  ce[][o.s.c.c.CePluginRepository] Load plugins
2022.05.23 16:36:36 INFO  ce[][o.s.c.c.ComputeEngineContainerImpl] Running Community edition
2022.05.23 16:36:36 INFO  ce[][o.s.ce.app.CeServer] Compute Engine is operational
2022.05.23 16:47:10 INFO  ce[][o.s.p.ProcessEntryPoint] Starting ce
2022.05.23 16:47:10 INFO  ce[][o.s.ce.app.CeServer] Compute Engine starting up...
2022.05.23 16:47:11 INFO  ce[][o.e.p.PluginsService] no modules loaded
2022.05.23 16:47:11 INFO  ce[][o.e.p.PluginsService] loaded plugin [org.elasticsearch.join.ParentJoinPlugin]
2022.05.23 16:47:11 INFO  ce[][o.e.p.PluginsService] loaded plugin [org.elasticsearch.percolator.PercolatorPlugin]
2022.05.23 16:47:11 INFO  ce[][o.e.p.PluginsService] loaded plugin [org.elasticsearch.transport.Netty4Plugin]
2022.05.23 16:47:13 INFO  ce[][o.s.s.e.EsClientProvider] Connected to local Elasticsearch: [127.0.0.1:9001]
2022.05.23 16:47:13 INFO  ce[][o.sonar.db.Database] Create JDBC data source for jdbc:h2:tcp://127.0.0.1:9092/sonar
2022.05.23 16:47:13 WARN  ce[][o.s.db.dialect.H2] H2 database should be used for evaluation purpose only.
2022.05.23 16:47:14 INFO  ce[][o.s.s.p.ServerFileSystemImpl] SonarQube home: /home/alumno/Escritorio/gpi2/sonarqube-7.8
2022.05.23 16:47:15 INFO  ce[][o.s.c.c.CePluginRepository] Load plugins
2022.05.23 16:47:16 INFO  ce[][o.s.c.c.ComputeEngineContainerImpl] Running Community edition
2022.05.23 16:47:16 INFO  ce[][o.s.ce.app.CeServer] Compute Engine is operational
2022.05.23 17:01:12 INFO  ce[][o.s.p.ProcessEntryPoint] Starting ce
2022.05.23 17:01:12 INFO  ce[][o.s.ce.app.CeServer] Compute Engine starting up...
2022.05.23 17:01:12 INFO  ce[][o.e.p.PluginsService] no modules loaded
2022.05.23 17:01:12 INFO  ce[][o.e.p.PluginsService] loaded plugin [org.elasticsearch.join.ParentJoinPlugin]
2022.05.23 17:01:12 INFO  ce[][o.e.p.PluginsService] loaded plugin [org.elasticsearch.percolator.PercolatorPlugin]
2022.05.23 17:01:12 INFO  ce[][o.e.p.PluginsService] loaded plugin [org.elasticsearch.transport.Netty4Plugin]
2022.05.23 17:01:14 INFO  ce[][o.s.s.e.EsClientProvider] Connected to local Elasticsearch: [127.0.0.1:9001]
2022.05.23 17:01:14 INFO  ce[][o.sonar.db.Database] Create JDBC data source for jdbc:h2:tcp://127.0.0.1:9092/sonar
2022.05.23 17:01:15 WARN  ce[][o.s.db.dialect.H2] H2 database should be used for evaluation purpose only.
2022.05.23 17:01:16 INFO  ce[][o.s.s.p.ServerFileSystemImpl] SonarQube home: /home/alumno/Escritorio/gpi2/sonarqube-7.8
2022.05.23 17:01:17 INFO  ce[][o.s.c.c.CePluginRepository] Load plugins
2022.05.23 17:01:18 INFO  ce[][o.s.c.c.ComputeEngineContainerImpl] Running Community edition
2022.05.23 17:01:18 INFO  ce[][o.s.ce.app.CeServer] Compute Engine is operational
2022.05.23 17:02:02 INFO  ce[][o.s.c.t.CeWorkerImpl] Execute task | project=gpi6 | type=REPORT | id=AYDxcHX_x4rTRCG9Ewec
2022.05.23 17:02:03 INFO  ce[AYDxcHX_x4rTRCG9Ewec][o.s.c.t.s.ComputationStepExecutor] Extract report | status=SUCCESS | time=23ms
2022.05.23 17:02:03 INFO  ce[AYDxcHX_x4rTRCG9Ewec][o.s.c.t.s.ComputationStepExecutor] Persist scanner context | status=SUCCESS | time=14ms
2022.05.23 17:02:03 INFO  ce[AYDxcHX_x4rTRCG9Ewec][o.s.c.t.s.ComputationStepExecutor] Propagate analysis warnings from scanner report | status=SUCCESS | time=32ms
2022.05.23 17:02:03 INFO  ce[AYDxcHX_x4rTRCG9Ewec][o.s.c.t.s.ComputationStepExecutor] Execute DB migrations for current project | status=SUCCESS | time=7ms
2022.05.23 17:02:03 INFO  ce[AYDxcHX_x4rTRCG9Ewec][o.s.c.t.s.ComputationStepExecutor] Generate analysis UUID | status=SUCCESS | time=0ms
2022.05.23 17:02:03 INFO  ce[AYDxcHX_x4rTRCG9Ewec][o.s.c.t.s.ComputationStepExecutor] Load analysis metadata | status=SUCCESS | time=143ms
2022.05.23 17:02:03 INFO  ce[AYDxcHX_x4rTRCG9Ewec][o.s.c.t.s.ComputationStepExecutor] Initialize | status=SUCCESS | time=0ms
2022.05.23 17:02:03 INFO  ce[AYDxcHX_x4rTRCG9Ewec][o.s.c.t.s.ComputationStepExecutor] Verify billing | status=SUCCESS | time=0ms
2022.05.23 17:02:03 INFO  ce[AYDxcHX_x4rTRCG9Ewec][o.s.c.t.s.ComputationStepExecutor] Build tree of components | components=14 | status=SUCCESS | time=80ms
2022.05.23 17:02:03 INFO  ce[AYDxcHX_x4rTRCG9Ewec][o.s.c.t.s.ComputationStepExecutor] Validate project | status=SUCCESS | time=16ms
2022.05.23 17:02:05 INFO  ce[AYDxcHX_x4rTRCG9Ewec][o.s.c.t.s.ComputationStepExecutor] Load quality profiles | status=SUCCESS | time=1400ms
2022.05.23 17:02:05 INFO  ce[AYDxcHX_x4rTRCG9Ewec][o.s.c.t.s.ComputationStepExecutor] Load Quality gate | status=SUCCESS | time=26ms
2022.05.23 17:02:05 INFO  ce[AYDxcHX_x4rTRCG9Ewec][o.s.c.t.s.ComputationStepExecutor] Load new code period | status=SUCCESS | time=0ms
2022.05.23 17:02:05 INFO  ce[AYDxcHX_x4rTRCG9Ewec][o.s.c.t.s.ComputationStepExecutor] Detect file moves | status=SUCCESS | time=0ms
2022.05.23 17:02:05 INFO  ce[AYDxcHX_x4rTRCG9Ewec][o.s.c.t.s.ComputationStepExecutor] Load duplications | duplications=0 | status=SUCCESS | time=4ms
2022.05.23 17:02:05 INFO  ce[AYDxcHX_x4rTRCG9Ewec][o.s.c.t.s.ComputationStepExecutor] Compute cross project duplications | status=SUCCESS | time=0ms
2022.05.23 17:02:05 INFO  ce[AYDxcHX_x4rTRCG9Ewec][o.s.c.t.s.ComputationStepExecutor] Compute size measures | status=SUCCESS | time=18ms
2022.05.23 17:02:05 INFO  ce[AYDxcHX_x4rTRCG9Ewec][o.s.c.t.s.ComputationStepExecutor] Compute new coverage | status=SUCCESS | time=5ms
2022.05.23 17:02:05 INFO  ce[AYDxcHX_x4rTRCG9Ewec][o.s.c.t.s.ComputationStepExecutor] Compute coverage measures | status=SUCCESS | time=6ms
2022.05.23 17:02:05 INFO  ce[AYDxcHX_x4rTRCG9Ewec][o.s.c.t.s.ComputationStepExecutor] Compute comment measures | status=SUCCESS | time=2ms
2022.05.23 17:02:05 INFO  ce[AYDxcHX_x4rTRCG9Ewec][o.s.c.t.s.ComputationStepExecutor] Copy custom measures | status=SUCCESS | time=4ms
2022.05.23 17:02:05 INFO  ce[AYDxcHX_x4rTRCG9Ewec][o.s.c.t.s.ComputationStepExecutor] Compute duplication measures | status=SUCCESS | time=1ms
2022.05.23 17:02:05 INFO  ce[AYDxcHX_x4rTRCG9Ewec][o.s.c.t.s.ComputationStepExecutor] Compute size measures on new code | status=SUCCESS | time=1ms
2022.05.23 17:02:05 INFO  ce[AYDxcHX_x4rTRCG9Ewec][o.s.c.t.s.ComputationStepExecutor] Compute language distribution | status=SUCCESS | time=15ms
2022.05.23 17:02:05 INFO  ce[AYDxcHX_x4rTRCG9Ewec][o.s.c.t.s.ComputationStepExecutor] Compute test measures | status=SUCCESS | time=1ms
2022.05.23 17:02:05 INFO  ce[AYDxcHX_x4rTRCG9Ewec][o.s.c.t.s.ComputationStepExecutor] Compute complexity measures | status=SUCCESS | time=2ms
2022.05.23 17:02:05 INFO  ce[AYDxcHX_x4rTRCG9Ewec][o.s.c.t.s.ComputationStepExecutor] Load measure computers | status=SUCCESS | time=2ms
2022.05.23 17:02:05 INFO  ce[AYDxcHX_x4rTRCG9Ewec][o.s.c.t.s.ComputationStepExecutor] Compute Quality Profile status | status=SUCCESS | time=4ms
2022.05.23 17:02:05 INFO  ce[AYDxcHX_x4rTRCG9Ewec][o.s.c.t.s.ComputationStepExecutor] Execute component visitors | status=SUCCESS | time=293ms
2022.05.23 17:02:05 INFO  ce[AYDxcHX_x4rTRCG9Ewec][o.s.c.t.s.ComputationStepExecutor] Checks executed after computation of measures | status=SUCCESS | time=0ms
2022.05.23 17:02:05 INFO  ce[AYDxcHX_x4rTRCG9Ewec][o.s.c.t.s.ComputationStepExecutor] Compute Quality Gate measures | status=SUCCESS | time=197ms
2022.05.23 17:02:06 INFO  ce[AYDxcHX_x4rTRCG9Ewec][o.s.c.t.s.ComputationStepExecutor] Compute Quality profile measures | status=SUCCESS | time=10ms
2022.05.23 17:02:06 INFO  ce[AYDxcHX_x4rTRCG9Ewec][o.s.c.t.s.ComputationStepExecutor] Generate Quality profile events | status=SUCCESS | time=2ms
2022.05.23 17:02:06 INFO  ce[AYDxcHX_x4rTRCG9Ewec][o.s.c.t.s.ComputationStepExecutor] Generate Quality gate events | status=SUCCESS | time=2ms
2022.05.23 17:02:06 INFO  ce[AYDxcHX_x4rTRCG9Ewec][o.s.c.t.s.ComputationStepExecutor] Persist components | status=SUCCESS | time=63ms
2022.05.23 17:02:06 INFO  ce[AYDxcHX_x4rTRCG9Ewec][o.s.c.t.s.ComputationStepExecutor] Persist analysis | status=SUCCESS | time=18ms
2022.05.23 17:02:06 INFO  ce[AYDxcHX_x4rTRCG9Ewec][o.s.c.t.s.ComputationStepExecutor] Persist analysis properties | status=SUCCESS | time=2ms
2022.05.23 17:02:06 INFO  ce[AYDxcHX_x4rTRCG9Ewec][o.s.c.t.s.ComputationStepExecutor] Persist measures | inserts=49 | status=SUCCESS | time=48ms
2022.05.23 17:02:06 INFO  ce[AYDxcHX_x4rTRCG9Ewec][o.s.c.t.s.ComputationStepExecutor] Persist live measures | insertsOrUpdates=399 | status=SUCCESS | time=508ms
2022.05.23 17:02:06 INFO  ce[AYDxcHX_x4rTRCG9Ewec][o.s.c.t.s.ComputationStepExecutor] Persist duplication data | insertsOrUpdates=0 | status=SUCCESS | time=2ms
2022.05.23 17:02:06 INFO  ce[AYDxcHX_x4rTRCG9Ewec][o.s.c.t.s.ComputationStepExecutor] Persist new ad hoc Rules | status=SUCCESS | time=1ms
2022.05.23 17:02:06 INFO  ce[AYDxcHX_x4rTRCG9Ewec][o.s.c.t.s.ComputationStepExecutor] Persist issues | inserts=3 | updates=0 | merged=0 | untouched=0 | status=SUCCESS | time=55ms
2022.05.23 17:02:06 INFO  ce[AYDxcHX_x4rTRCG9Ewec][o.s.c.t.s.ComputationStepExecutor] Persist project links | status=SUCCESS | time=5ms
2022.05.23 17:02:06 INFO  ce[AYDxcHX_x4rTRCG9Ewec][o.s.c.t.s.ComputationStepExecutor] Persist events | status=SUCCESS | time=13ms
2022.05.23 17:02:06 INFO  ce[AYDxcHX_x4rTRCG9Ewec][o.s.c.t.s.ComputationStepExecutor] Persist sources | status=SUCCESS | time=152ms
2022.05.23 17:02:06 INFO  ce[AYDxcHX_x4rTRCG9Ewec][o.s.c.t.s.ComputationStepExecutor] Persist cross project duplications | status=SUCCESS | time=0ms
2022.05.23 17:02:06 INFO  ce[AYDxcHX_x4rTRCG9Ewec][o.s.c.t.s.ComputationStepExecutor] Enable analysis | status=SUCCESS | time=8ms
2022.05.23 17:02:06 INFO  ce[AYDxcHX_x4rTRCG9Ewec][o.s.c.t.s.ComputationStepExecutor] Update last usage date of quality profiles | status=SUCCESS | time=35ms
2022.05.23 17:02:07 INFO  ce[AYDxcHX_x4rTRCG9Ewec][o.s.c.t.s.ComputationStepExecutor] Purge db | status=SUCCESS | time=157ms
2022.05.23 17:02:07 INFO  ce[AYDxcHX_x4rTRCG9Ewec][o.s.c.t.s.ComputationStepExecutor] Index analysis | status=SUCCESS | time=533ms
2022.05.23 17:02:07 INFO  ce[AYDxcHX_x4rTRCG9Ewec][o.s.c.t.s.ComputationStepExecutor] Send issue notifications | newIssuesNotifs=0 | newIssuesDeliveries=0 | myNewIssuesNotifs=0 | myNewIssuesDeliveries=0 | changesNotifs=0 | changesDeliveries=0 | status=SUCCESS | time=5ms
2022.05.23 17:02:07 INFO  ce[AYDxcHX_x4rTRCG9Ewec][o.s.c.t.s.ComputationStepExecutor] Publish task results | status=SUCCESS | time=0ms
2022.05.23 17:02:07 INFO  ce[AYDxcHX_x4rTRCG9Ewec][o.s.c.t.s.ComputationStepExecutor] Trigger refresh of Portfolios and Applications | status=SUCCESS | time=0ms
2022.05.23 17:02:07 INFO  ce[AYDxcHX_x4rTRCG9Ewec][o.s.c.t.CeWorkerImpl] Executed task | project=gpi6 | type=REPORT | id=AYDxcHX_x4rTRCG9Ewec | status=SUCCESS | time=4860ms
2022.05.23 17:23:15 INFO  ce[][o.s.p.ProcessEntryPoint] Starting ce
2022.05.23 17:23:15 INFO  ce[][o.s.ce.app.CeServer] Compute Engine starting up...
2022.05.23 17:23:16 INFO  ce[][o.e.p.PluginsService] no modules loaded
2022.05.23 17:23:16 INFO  ce[][o.e.p.PluginsService] loaded plugin [org.elasticsearch.join.ParentJoinPlugin]
2022.05.23 17:23:16 INFO  ce[][o.e.p.PluginsService] loaded plugin [org.elasticsearch.percolator.PercolatorPlugin]
2022.05.23 17:23:16 INFO  ce[][o.e.p.PluginsService] loaded plugin [org.elasticsearch.transport.Netty4Plugin]
2022.05.23 17:23:18 INFO  ce[][o.s.s.e.EsClientProvider] Connected to local Elasticsearch: [127.0.0.1:9001]
2022.05.23 17:23:18 INFO  ce[][o.sonar.db.Database] Create JDBC data source for jdbc:h2:tcp://127.0.0.1:9092/sonar
2022.05.23 17:23:18 WARN  ce[][o.s.db.dialect.H2] H2 database should be used for evaluation purpose only.
2022.05.23 17:23:20 INFO  ce[][o.s.s.p.ServerFileSystemImpl] SonarQube home: /home/alumno/Escritorio/gpi2/sonarqube-7.8
2022.05.23 17:23:20 INFO  ce[][o.s.c.c.CePluginRepository] Load plugins
2022.05.23 17:23:21 INFO  ce[][o.s.c.c.ComputeEngineContainerImpl] Running Community edition
2022.05.23 17:23:22 INFO  ce[][o.s.ce.app.CeServer] Compute Engine is operational
2022.05.23 17:27:45 INFO  ce[][o.s.p.ProcessEntryPoint] Starting ce
2022.05.23 17:27:45 INFO  ce[][o.s.ce.app.CeServer] Compute Engine starting up...
2022.05.23 17:27:45 INFO  ce[][o.e.p.PluginsService] no modules loaded
2022.05.23 17:27:45 INFO  ce[][o.e.p.PluginsService] loaded plugin [org.elasticsearch.join.ParentJoinPlugin]
2022.05.23 17:27:45 INFO  ce[][o.e.p.PluginsService] loaded plugin [org.elasticsearch.percolator.PercolatorPlugin]
2022.05.23 17:27:45 INFO  ce[][o.e.p.PluginsService] loaded plugin [org.elasticsearch.transport.Netty4Plugin]
2022.05.23 17:27:47 INFO  ce[][o.s.s.e.EsClientProvider] Connected to local Elasticsearch: [127.0.0.1:9001]
2022.05.23 17:27:47 INFO  ce[][o.sonar.db.Database] Create JDBC data source for jdbc:h2:tcp://127.0.0.1:9092/sonar
2022.05.23 17:27:47 WARN  ce[][o.s.db.dialect.H2] H2 database should be used for evaluation purpose only.
2022.05.23 17:27:49 INFO  ce[][o.s.s.p.ServerFileSystemImpl] SonarQube home: /home/alumno/Escritorio/gpi2/sonarqube-7.8
2022.05.23 17:27:50 INFO  ce[][o.s.c.c.CePluginRepository] Load plugins
2022.05.23 17:27:51 INFO  ce[][o.s.c.c.ComputeEngineContainerImpl] Running Community edition
2022.05.23 17:27:51 INFO  ce[][o.s.ce.app.CeServer] Compute Engine is operational
2022.05.23 17:45:50 INFO  ce[][o.s.p.ProcessEntryPoint] Gracefully stopping process
2022.05.23 17:45:50 INFO  ce[][o.s.ce.app.CeServer] Compute Engine is stopping...
2022.05.23 17:45:50 INFO  ce[][o.s.c.t.CeProcessingSchedulerImpl] Gracefully stopping workers...
2022.05.23 17:45:50 INFO  ce[][o.s.ce.app.CeServer] Compute Engine is stopped
