2022.05.20 10:14:59 INFO  ce[][o.s.c.t.CeWorkerImpl] Execute task | project=gpi4 | type=REPORT | id=AYDgiL4vyqM9W35c7RQO
2022.05.20 10:15:00 INFO  ce[AYDgiL4vyqM9W35c7RQO][o.s.c.t.s.ComputationStepExecutor] Extract report | status=SUCCESS | time=27ms
2022.05.20 10:15:00 INFO  ce[AYDgiL4vyqM9W35c7RQO][o.s.c.t.s.ComputationStepExecutor] Persist scanner context | status=SUCCESS | time=9ms
2022.05.20 10:15:00 INFO  ce[AYDgiL4vyqM9W35c7RQO][o.s.c.t.s.ComputationStepExecutor] Propagate analysis warnings from scanner report | status=SUCCESS | time=3ms
2022.05.20 10:15:00 INFO  ce[AYDgiL4vyqM9W35c7RQO][o.s.c.t.s.ComputationStepExecutor] Execute DB migrations for current project | status=SUCCESS | time=19ms
2022.05.20 10:15:00 INFO  ce[AYDgiL4vyqM9W35c7RQO][o.s.c.t.s.ComputationStepExecutor] Generate analysis UUID | status=SUCCESS | time=1ms
2022.05.20 10:15:00 INFO  ce[AYDgiL4vyqM9W35c7RQO][o.s.c.t.s.ComputationStepExecutor] Load analysis metadata | status=SUCCESS | time=28ms
2022.05.20 10:15:00 INFO  ce[AYDgiL4vyqM9W35c7RQO][o.s.c.t.s.ComputationStepExecutor] Initialize | status=SUCCESS | time=0ms
2022.05.20 10:15:00 INFO  ce[AYDgiL4vyqM9W35c7RQO][o.s.c.t.s.ComputationStepExecutor] Verify billing | status=SUCCESS | time=0ms
2022.05.20 10:15:00 INFO  ce[AYDgiL4vyqM9W35c7RQO][o.s.c.t.s.ComputationStepExecutor] Build tree of components | components=6 | status=SUCCESS | time=4ms
2022.05.20 10:15:00 INFO  ce[AYDgiL4vyqM9W35c7RQO][o.s.c.t.s.ComputationStepExecutor] Validate project | status=SUCCESS | time=3ms
2022.05.20 10:15:01 INFO  ce[AYDgiL4vyqM9W35c7RQO][o.s.c.t.s.ComputationStepExecutor] Load quality profiles | status=SUCCESS | time=1568ms
2022.05.20 10:15:01 INFO  ce[AYDgiL4vyqM9W35c7RQO][o.s.c.t.s.ComputationStepExecutor] Load Quality gate | status=SUCCESS | time=7ms
2022.05.20 10:15:01 INFO  ce[AYDgiL4vyqM9W35c7RQO][o.s.c.t.s.ComputationStepExecutor] Load new code period | status=SUCCESS | time=0ms
2022.05.20 10:15:01 INFO  ce[AYDgiL4vyqM9W35c7RQO][o.s.c.t.s.ComputationStepExecutor] Detect file moves | status=SUCCESS | time=0ms
2022.05.20 10:15:01 INFO  ce[AYDgiL4vyqM9W35c7RQO][o.s.c.t.s.ComputationStepExecutor] Load duplications | duplications=0 | status=SUCCESS | time=1ms
2022.05.20 10:15:01 INFO  ce[AYDgiL4vyqM9W35c7RQO][o.s.c.t.s.ComputationStepExecutor] Compute cross project duplications | status=SUCCESS | time=0ms
2022.05.20 10:15:01 INFO  ce[AYDgiL4vyqM9W35c7RQO][o.s.c.t.s.ComputationStepExecutor] Compute size measures | status=SUCCESS | time=1ms
2022.05.20 10:15:01 INFO  ce[AYDgiL4vyqM9W35c7RQO][o.s.c.t.s.ComputationStepExecutor] Compute new coverage | status=SUCCESS | time=1ms
2022.05.20 10:15:01 INFO  ce[AYDgiL4vyqM9W35c7RQO][o.s.c.t.s.ComputationStepExecutor] Compute coverage measures | status=SUCCESS | time=2ms
2022.05.20 10:15:01 INFO  ce[AYDgiL4vyqM9W35c7RQO][o.s.c.t.s.ComputationStepExecutor] Compute comment measures | status=SUCCESS | time=3ms
2022.05.20 10:15:01 INFO  ce[AYDgiL4vyqM9W35c7RQO][o.s.c.t.s.ComputationStepExecutor] Copy custom measures | status=SUCCESS | time=1ms
2022.05.20 10:15:01 INFO  ce[AYDgiL4vyqM9W35c7RQO][o.s.c.t.s.ComputationStepExecutor] Compute duplication measures | status=SUCCESS | time=1ms
2022.05.20 10:15:01 INFO  ce[AYDgiL4vyqM9W35c7RQO][o.s.c.t.s.ComputationStepExecutor] Compute size measures on new code | status=SUCCESS | time=0ms
2022.05.20 10:15:01 INFO  ce[AYDgiL4vyqM9W35c7RQO][o.s.c.t.s.ComputationStepExecutor] Compute language distribution | status=SUCCESS | time=0ms
2022.05.20 10:15:01 INFO  ce[AYDgiL4vyqM9W35c7RQO][o.s.c.t.s.ComputationStepExecutor] Compute test measures | status=SUCCESS | time=2ms
2022.05.20 10:15:01 INFO  ce[AYDgiL4vyqM9W35c7RQO][o.s.c.t.s.ComputationStepExecutor] Compute complexity measures | status=SUCCESS | time=1ms
2022.05.20 10:15:01 INFO  ce[AYDgiL4vyqM9W35c7RQO][o.s.c.t.s.ComputationStepExecutor] Load measure computers | status=SUCCESS | time=0ms
2022.05.20 10:15:01 INFO  ce[AYDgiL4vyqM9W35c7RQO][o.s.c.t.s.ComputationStepExecutor] Compute Quality Profile status | status=SUCCESS | time=1ms
2022.05.20 10:15:01 INFO  ce[AYDgiL4vyqM9W35c7RQO][o.s.c.t.s.ComputationStepExecutor] Execute component visitors | status=SUCCESS | time=50ms
2022.05.20 10:15:01 INFO  ce[AYDgiL4vyqM9W35c7RQO][o.s.c.t.s.ComputationStepExecutor] Checks executed after computation of measures | status=SUCCESS | time=0ms
2022.05.20 10:15:01 INFO  ce[AYDgiL4vyqM9W35c7RQO][o.s.c.t.s.ComputationStepExecutor] Compute Quality Gate measures | status=SUCCESS | time=1ms
2022.05.20 10:15:01 INFO  ce[AYDgiL4vyqM9W35c7RQO][o.s.c.t.s.ComputationStepExecutor] Compute Quality profile measures | status=SUCCESS | time=0ms
2022.05.20 10:15:01 INFO  ce[AYDgiL4vyqM9W35c7RQO][o.s.c.t.s.ComputationStepExecutor] Generate Quality profile events | status=SUCCESS | time=1ms
2022.05.20 10:15:01 INFO  ce[AYDgiL4vyqM9W35c7RQO][o.s.c.t.s.ComputationStepExecutor] Generate Quality gate events | status=SUCCESS | time=0ms
2022.05.20 10:15:01 INFO  ce[AYDgiL4vyqM9W35c7RQO][o.s.c.t.s.ComputationStepExecutor] Persist components | status=SUCCESS | time=9ms
2022.05.20 10:15:01 INFO  ce[AYDgiL4vyqM9W35c7RQO][o.s.c.t.s.ComputationStepExecutor] Persist analysis | status=SUCCESS | time=1ms
2022.05.20 10:15:01 INFO  ce[AYDgiL4vyqM9W35c7RQO][o.s.c.t.s.ComputationStepExecutor] Persist analysis properties | status=SUCCESS | time=0ms
2022.05.20 10:15:01 INFO  ce[AYDgiL4vyqM9W35c7RQO][o.s.c.t.s.ComputationStepExecutor] Persist measures | inserts=41 | status=SUCCESS | time=12ms
2022.05.20 10:15:01 INFO  ce[AYDgiL4vyqM9W35c7RQO][o.s.c.t.s.ComputationStepExecutor] Persist live measures | insertsOrUpdates=156 | status=SUCCESS | time=92ms
2022.05.20 10:15:01 INFO  ce[AYDgiL4vyqM9W35c7RQO][o.s.c.t.s.ComputationStepExecutor] Persist duplication data | insertsOrUpdates=0 | status=SUCCESS | time=1ms
2022.05.20 10:15:01 INFO  ce[AYDgiL4vyqM9W35c7RQO][o.s.c.t.s.ComputationStepExecutor] Persist new ad hoc Rules | status=SUCCESS | time=0ms
2022.05.20 10:15:01 INFO  ce[AYDgiL4vyqM9W35c7RQO][o.s.c.t.s.ComputationStepExecutor] Persist issues | inserts=5 | updates=0 | merged=0 | untouched=0 | status=SUCCESS | time=24ms
2022.05.20 10:15:01 INFO  ce[AYDgiL4vyqM9W35c7RQO][o.s.c.t.s.ComputationStepExecutor] Persist project links | status=SUCCESS | time=1ms
2022.05.20 10:15:01 INFO  ce[AYDgiL4vyqM9W35c7RQO][o.s.c.t.s.ComputationStepExecutor] Persist events | status=SUCCESS | time=2ms
2022.05.20 10:15:01 INFO  ce[AYDgiL4vyqM9W35c7RQO][o.s.c.t.s.ComputationStepExecutor] Persist sources | status=SUCCESS | time=57ms
2022.05.20 10:15:01 INFO  ce[AYDgiL4vyqM9W35c7RQO][o.s.c.t.s.ComputationStepExecutor] Persist cross project duplications | status=SUCCESS | time=0ms
2022.05.20 10:15:01 INFO  ce[AYDgiL4vyqM9W35c7RQO][o.s.c.t.s.ComputationStepExecutor] Enable analysis | status=SUCCESS | time=1ms
2022.05.20 10:15:01 INFO  ce[AYDgiL4vyqM9W35c7RQO][o.s.c.t.s.ComputationStepExecutor] Update last usage date of quality profiles | status=SUCCESS | time=4ms
2022.05.20 10:15:02 INFO  ce[AYDgiL4vyqM9W35c7RQO][o.s.c.t.s.ComputationStepExecutor] Purge db | status=SUCCESS | time=33ms
2022.05.20 10:15:02 INFO  ce[AYDgiL4vyqM9W35c7RQO][o.s.c.t.s.ComputationStepExecutor] Index analysis | status=SUCCESS | time=376ms
2022.05.20 10:15:02 INFO  ce[AYDgiL4vyqM9W35c7RQO][o.s.c.t.s.ComputationStepExecutor] Send issue notifications | newIssuesNotifs=0 | newIssuesDeliveries=0 | myNewIssuesNotifs=0 | myNewIssuesDeliveries=0 | changesNotifs=0 | changesDeliveries=0 | status=SUCCESS | time=2ms
2022.05.20 10:15:02 INFO  ce[AYDgiL4vyqM9W35c7RQO][o.s.c.t.s.ComputationStepExecutor] Publish task results | status=SUCCESS | time=0ms
2022.05.20 10:15:02 INFO  ce[AYDgiL4vyqM9W35c7RQO][o.s.c.t.s.ComputationStepExecutor] Trigger refresh of Portfolios and Applications | status=SUCCESS | time=0ms
2022.05.20 10:15:02 INFO  ce[AYDgiL4vyqM9W35c7RQO][o.s.c.t.CeWorkerImpl] Executed task | project=gpi4 | type=REPORT | id=AYDgiL4vyqM9W35c7RQO | status=SUCCESS | time=2588ms
2022.05.20 10:16:40 INFO  ce[][o.s.c.t.CeWorkerImpl] Execute task | project=gpi5 | type=REPORT | id=AYDgikLwyqM9W35c7RQV
2022.05.20 10:16:40 INFO  ce[AYDgikLwyqM9W35c7RQV][o.s.c.t.s.ComputationStepExecutor] Extract report | status=SUCCESS | time=33ms
2022.05.20 10:16:40 INFO  ce[AYDgikLwyqM9W35c7RQV][o.s.c.t.s.ComputationStepExecutor] Persist scanner context | status=SUCCESS | time=15ms
2022.05.20 10:16:40 INFO  ce[AYDgikLwyqM9W35c7RQV][o.s.c.t.s.ComputationStepExecutor] Propagate analysis warnings from scanner report | status=SUCCESS | time=5ms
2022.05.20 10:16:40 INFO  ce[AYDgikLwyqM9W35c7RQV][o.s.c.t.s.ComputationStepExecutor] Execute DB migrations for current project | status=SUCCESS | time=5ms
2022.05.20 10:16:40 INFO  ce[AYDgikLwyqM9W35c7RQV][o.s.c.t.s.ComputationStepExecutor] Generate analysis UUID | status=SUCCESS | time=0ms
2022.05.20 10:16:40 INFO  ce[AYDgikLwyqM9W35c7RQV][o.s.c.t.s.ComputationStepExecutor] Load analysis metadata | status=SUCCESS | time=14ms
2022.05.20 10:16:40 INFO  ce[AYDgikLwyqM9W35c7RQV][o.s.c.t.s.ComputationStepExecutor] Initialize | status=SUCCESS | time=0ms
2022.05.20 10:16:40 INFO  ce[AYDgikLwyqM9W35c7RQV][o.s.c.t.s.ComputationStepExecutor] Verify billing | status=SUCCESS | time=0ms
2022.05.20 10:16:40 INFO  ce[AYDgikLwyqM9W35c7RQV][o.s.c.t.s.ComputationStepExecutor] Build tree of components | components=14 | status=SUCCESS | time=17ms
2022.05.20 10:16:40 INFO  ce[AYDgikLwyqM9W35c7RQV][o.s.c.t.s.ComputationStepExecutor] Validate project | status=SUCCESS | time=2ms
2022.05.20 10:16:42 INFO  ce[AYDgikLwyqM9W35c7RQV][o.s.c.t.s.ComputationStepExecutor] Load quality profiles | status=SUCCESS | time=1498ms
2022.05.20 10:16:42 INFO  ce[AYDgikLwyqM9W35c7RQV][o.s.c.t.s.ComputationStepExecutor] Load Quality gate | status=SUCCESS | time=5ms
2022.05.20 10:16:42 INFO  ce[AYDgikLwyqM9W35c7RQV][o.s.c.t.s.ComputationStepExecutor] Load new code period | status=SUCCESS | time=0ms
2022.05.20 10:16:42 INFO  ce[AYDgikLwyqM9W35c7RQV][o.s.c.t.s.ComputationStepExecutor] Detect file moves | status=SUCCESS | time=0ms
2022.05.20 10:16:42 INFO  ce[AYDgikLwyqM9W35c7RQV][o.s.c.t.s.ComputationStepExecutor] Load duplications | duplications=0 | status=SUCCESS | time=1ms
2022.05.20 10:16:42 INFO  ce[AYDgikLwyqM9W35c7RQV][o.s.c.t.s.ComputationStepExecutor] Compute cross project duplications | status=SUCCESS | time=0ms
2022.05.20 10:16:42 INFO  ce[AYDgikLwyqM9W35c7RQV][o.s.c.t.s.ComputationStepExecutor] Compute size measures | status=SUCCESS | time=3ms
2022.05.20 10:16:42 INFO  ce[AYDgikLwyqM9W35c7RQV][o.s.c.t.s.ComputationStepExecutor] Compute new coverage | status=SUCCESS | time=2ms
2022.05.20 10:16:42 INFO  ce[AYDgikLwyqM9W35c7RQV][o.s.c.t.s.ComputationStepExecutor] Compute coverage measures | status=SUCCESS | time=18ms
2022.05.20 10:16:42 INFO  ce[AYDgikLwyqM9W35c7RQV][o.s.c.t.s.ComputationStepExecutor] Compute comment measures | status=SUCCESS | time=1ms
2022.05.20 10:16:42 INFO  ce[AYDgikLwyqM9W35c7RQV][o.s.c.t.s.ComputationStepExecutor] Copy custom measures | status=SUCCESS | time=1ms
2022.05.20 10:16:42 INFO  ce[AYDgikLwyqM9W35c7RQV][o.s.c.t.s.ComputationStepExecutor] Compute duplication measures | status=SUCCESS | time=0ms
2022.05.20 10:16:42 INFO  ce[AYDgikLwyqM9W35c7RQV][o.s.c.t.s.ComputationStepExecutor] Compute size measures on new code | status=SUCCESS | time=1ms
2022.05.20 10:16:42 INFO  ce[AYDgikLwyqM9W35c7RQV][o.s.c.t.s.ComputationStepExecutor] Compute language distribution | status=SUCCESS | time=8ms
2022.05.20 10:16:42 INFO  ce[AYDgikLwyqM9W35c7RQV][o.s.c.t.s.ComputationStepExecutor] Compute test measures | status=SUCCESS | time=0ms
2022.05.20 10:16:42 INFO  ce[AYDgikLwyqM9W35c7RQV][o.s.c.t.s.ComputationStepExecutor] Compute complexity measures | status=SUCCESS | time=3ms
2022.05.20 10:16:42 INFO  ce[AYDgikLwyqM9W35c7RQV][o.s.c.t.s.ComputationStepExecutor] Load measure computers | status=SUCCESS | time=0ms
2022.05.20 10:16:42 INFO  ce[AYDgikLwyqM9W35c7RQV][o.s.c.t.s.ComputationStepExecutor] Compute Quality Profile status | status=SUCCESS | time=1ms
2022.05.20 10:16:42 INFO  ce[AYDgikLwyqM9W35c7RQV][o.s.c.t.s.ComputationStepExecutor] Execute component visitors | status=SUCCESS | time=100ms
2022.05.20 10:16:42 INFO  ce[AYDgikLwyqM9W35c7RQV][o.s.c.t.s.ComputationStepExecutor] Checks executed after computation of measures | status=SUCCESS | time=0ms
2022.05.20 10:16:42 INFO  ce[AYDgikLwyqM9W35c7RQV][o.s.c.t.s.ComputationStepExecutor] Compute Quality Gate measures | status=SUCCESS | time=1ms
2022.05.20 10:16:42 INFO  ce[AYDgikLwyqM9W35c7RQV][o.s.c.t.s.ComputationStepExecutor] Compute Quality profile measures | status=SUCCESS | time=1ms
2022.05.20 10:16:42 INFO  ce[AYDgikLwyqM9W35c7RQV][o.s.c.t.s.ComputationStepExecutor] Generate Quality profile events | status=SUCCESS | time=1ms
2022.05.20 10:16:42 INFO  ce[AYDgikLwyqM9W35c7RQV][o.s.c.t.s.ComputationStepExecutor] Generate Quality gate events | status=SUCCESS | time=1ms
2022.05.20 10:16:42 INFO  ce[AYDgikLwyqM9W35c7RQV][o.s.c.t.s.ComputationStepExecutor] Persist components | status=SUCCESS | time=20ms
2022.05.20 10:16:42 INFO  ce[AYDgikLwyqM9W35c7RQV][o.s.c.t.s.ComputationStepExecutor] Persist analysis | status=SUCCESS | time=1ms
2022.05.20 10:16:42 INFO  ce[AYDgikLwyqM9W35c7RQV][o.s.c.t.s.ComputationStepExecutor] Persist analysis properties | status=SUCCESS | time=0ms
2022.05.20 10:16:42 INFO  ce[AYDgikLwyqM9W35c7RQV][o.s.c.t.s.ComputationStepExecutor] Persist measures | inserts=49 | status=SUCCESS | time=11ms
2022.05.20 10:16:42 INFO  ce[AYDgikLwyqM9W35c7RQV][o.s.c.t.s.ComputationStepExecutor] Persist live measures | insertsOrUpdates=399 | status=SUCCESS | time=148ms
2022.05.20 10:16:42 INFO  ce[AYDgikLwyqM9W35c7RQV][o.s.c.t.s.ComputationStepExecutor] Persist duplication data | insertsOrUpdates=0 | status=SUCCESS | time=0ms
2022.05.20 10:16:42 INFO  ce[AYDgikLwyqM9W35c7RQV][o.s.c.t.s.ComputationStepExecutor] Persist new ad hoc Rules | status=SUCCESS | time=0ms
2022.05.20 10:16:42 INFO  ce[AYDgikLwyqM9W35c7RQV][o.s.c.t.s.ComputationStepExecutor] Persist issues | inserts=3 | updates=0 | merged=0 | untouched=0 | status=SUCCESS | time=11ms
2022.05.20 10:16:42 INFO  ce[AYDgikLwyqM9W35c7RQV][o.s.c.t.s.ComputationStepExecutor] Persist project links | status=SUCCESS | time=0ms
2022.05.20 10:16:42 INFO  ce[AYDgikLwyqM9W35c7RQV][o.s.c.t.s.ComputationStepExecutor] Persist events | status=SUCCESS | time=2ms
2022.05.20 10:16:42 INFO  ce[AYDgikLwyqM9W35c7RQV][o.s.c.t.s.ComputationStepExecutor] Persist sources | status=SUCCESS | time=63ms
2022.05.20 10:16:42 INFO  ce[AYDgikLwyqM9W35c7RQV][o.s.c.t.s.ComputationStepExecutor] Persist cross project duplications | status=SUCCESS | time=0ms
2022.05.20 10:16:42 INFO  ce[AYDgikLwyqM9W35c7RQV][o.s.c.t.s.ComputationStepExecutor] Enable analysis | status=SUCCESS | time=2ms
2022.05.20 10:16:42 INFO  ce[AYDgikLwyqM9W35c7RQV][o.s.c.t.s.ComputationStepExecutor] Update last usage date of quality profiles | status=SUCCESS | time=5ms
2022.05.20 10:16:42 INFO  ce[AYDgikLwyqM9W35c7RQV][o.s.c.t.s.ComputationStepExecutor] Purge db | status=SUCCESS | time=55ms
2022.05.20 10:16:43 INFO  ce[AYDgikLwyqM9W35c7RQV][o.s.c.t.s.ComputationStepExecutor] Index analysis | status=SUCCESS | time=385ms
2022.05.20 10:16:43 INFO  ce[AYDgikLwyqM9W35c7RQV][o.s.c.t.s.ComputationStepExecutor] Send issue notifications | newIssuesNotifs=0 | newIssuesDeliveries=0 | myNewIssuesNotifs=0 | myNewIssuesDeliveries=0 | changesNotifs=0 | changesDeliveries=0 | status=SUCCESS | time=5ms
2022.05.20 10:16:43 INFO  ce[AYDgikLwyqM9W35c7RQV][o.s.c.t.s.ComputationStepExecutor] Publish task results | status=SUCCESS | time=0ms
2022.05.20 10:16:43 INFO  ce[AYDgikLwyqM9W35c7RQV][o.s.c.t.s.ComputationStepExecutor] Trigger refresh of Portfolios and Applications | status=SUCCESS | time=0ms
2022.05.20 10:16:43 INFO  ce[AYDgikLwyqM9W35c7RQV][o.s.c.t.CeWorkerImpl] Executed task | project=gpi5 | type=REPORT | id=AYDgikLwyqM9W35c7RQV | status=SUCCESS | time=2565ms
2022.05.20 10:36:40 WARN  ce[][o.e.t.OutboundHandler] send message failed [channel: Netty4TcpChannel{localAddress=0.0.0.0/0.0.0.0:41500, remoteAddress=/127.0.0.1:9001}]
java.nio.channels.ClosedChannelException: null
	at io.netty.channel.AbstractChannel$AbstractUnsafe.write(...)(Unknown Source)
2022.05.20 10:39:33 WARN  ce[][o.e.t.OutboundHandler] send message failed [channel: Netty4TcpChannel{localAddress=0.0.0.0/0.0.0.0:42206, remoteAddress=/127.0.0.1:9001}]
java.nio.channels.ClosedChannelException: null
	at io.netty.channel.AbstractChannel$AbstractUnsafe.write(...)(Unknown Source)
2022.05.20 11:00:15 WARN  ce[][o.e.t.OutboundHandler] send message failed [channel: Netty4TcpChannel{localAddress=0.0.0.0/0.0.0.0:46108, remoteAddress=/127.0.0.1:9001}]
java.nio.channels.ClosedChannelException: null
	at io.netty.channel.AbstractChannel$AbstractUnsafe.write(...)(Unknown Source)
2022.05.20 11:07:19 WARN  ce[][o.e.t.OutboundHandler] send message failed [channel: Netty4TcpChannel{localAddress=0.0.0.0/0.0.0.0:47686, remoteAddress=/127.0.0.1:9001}]
java.nio.channels.ClosedChannelException: null
	at io.netty.channel.AbstractChannel$AbstractUnsafe.write(...)(Unknown Source)
2022.05.20 11:08:29 WARN  ce[][o.e.t.OutboundHandler] send message failed [channel: Netty4TcpChannel{localAddress=0.0.0.0/0.0.0.0:47840, remoteAddress=/127.0.0.1:9001}]
java.nio.channels.ClosedChannelException: null
	at io.netty.channel.AbstractChannel$AbstractUnsafe.write(...)(Unknown Source)
2022.05.20 11:14:48 WARN  ce[][o.e.t.OutboundHandler] send message failed [channel: Netty4TcpChannel{localAddress=0.0.0.0/0.0.0.0:48598, remoteAddress=/127.0.0.1:9001}]
java.nio.channels.ClosedChannelException: null
	at io.netty.channel.AbstractChannel$AbstractUnsafe.write(...)(Unknown Source)
2022.05.20 11:21:00 WARN  ce[][o.a.c.d.BasicDataSource] An internal object pool swallowed an Exception.
org.h2.jdbc.JdbcSQLException: Conexión rota: "java.net.SocketTimeoutException: 127.0.0.1:9092"
Connection is broken: "java.net.SocketTimeoutException: 127.0.0.1:9092" [90067-176]
	at org.h2.message.DbException.getJdbcSQLException(DbException.java:344)
	at org.h2.message.DbException.get(DbException.java:167)
	at org.h2.engine.SessionRemote.connectServer(SessionRemote.java:434)
	at org.h2.engine.SessionRemote.connectEmbeddedOrServer(SessionRemote.java:311)
	at org.h2.jdbc.JdbcConnection.<init>(JdbcConnection.java:107)
	at org.h2.jdbc.JdbcConnection.<init>(JdbcConnection.java:91)
	at org.h2.Driver.connect(Driver.java:74)
	at org.apache.commons.dbcp2.DriverConnectionFactory.createConnection(DriverConnectionFactory.java:53)
	at org.apache.commons.dbcp2.PoolableConnectionFactory.makeObject(PoolableConnectionFactory.java:291)
	at org.apache.commons.pool2.impl.GenericObjectPool.create(GenericObjectPool.java:883)
	at org.apache.commons.pool2.impl.GenericObjectPool.ensureIdle(GenericObjectPool.java:951)
	at org.apache.commons.pool2.impl.GenericObjectPool.ensureMinIdle(GenericObjectPool.java:930)
	at org.apache.commons.pool2.impl.BaseGenericObjectPool$Evictor.run(BaseGenericObjectPool.java:1121)
	at java.util.concurrent.Executors$RunnableAdapter.call(Executors.java:511)
	at java.util.concurrent.FutureTask.runAndReset(FutureTask.java:308)
	at java.util.concurrent.ScheduledThreadPoolExecutor$ScheduledFutureTask.access$301(ScheduledThreadPoolExecutor.java:180)
	at java.util.concurrent.ScheduledThreadPoolExecutor$ScheduledFutureTask.run(ScheduledThreadPoolExecutor.java:294)
	at java.util.concurrent.ThreadPoolExecutor.runWorker(ThreadPoolExecutor.java:1149)
	at java.util.concurrent.ThreadPoolExecutor$Worker.run(ThreadPoolExecutor.java:624)
	at java.lang.Thread.run(Thread.java:748)
Caused by: java.net.SocketTimeoutException: null
	at java.net.SocksSocketImpl.remainingMillis(SocksSocketImpl.java:113)
	at java.net.SocksSocketImpl.connect(SocksSocketImpl.java:394)
	at java.net.Socket.connect(Socket.java:606)
	at org.h2.util.NetUtils.createSocket(NetUtils.java:123)
	at org.h2.util.NetUtils.createSocket(NetUtils.java:103)
	at org.h2.engine.SessionRemote.initTransfer(SessionRemote.java:100)
	at org.h2.engine.SessionRemote.connectServer(SessionRemote.java:430)
	... 17 common frames omitted
2022.05.20 11:22:37 WARN  ce[][o.e.t.OutboundHandler] send message failed [channel: Netty4TcpChannel{localAddress=0.0.0.0/0.0.0.0:49642, remoteAddress=/127.0.0.1:9001}]
java.nio.channels.ClosedChannelException: null
	at io.netty.channel.AbstractChannel$AbstractUnsafe.write(...)(Unknown Source)
2022.05.20 11:23:39 WARN  ce[][o.a.c.d.BasicDataSource] An internal object pool swallowed an Exception.
org.h2.jdbc.JdbcSQLException: Conexión rota: "java.net.SocketTimeoutException: 127.0.0.1:9092"
Connection is broken: "java.net.SocketTimeoutException: 127.0.0.1:9092" [90067-176]
	at org.h2.message.DbException.getJdbcSQLException(DbException.java:344)
	at org.h2.message.DbException.get(DbException.java:167)
	at org.h2.engine.SessionRemote.connectServer(SessionRemote.java:434)
	at org.h2.engine.SessionRemote.connectEmbeddedOrServer(SessionRemote.java:311)
	at org.h2.jdbc.JdbcConnection.<init>(JdbcConnection.java:107)
	at org.h2.jdbc.JdbcConnection.<init>(JdbcConnection.java:91)
	at org.h2.Driver.connect(Driver.java:74)
	at org.apache.commons.dbcp2.DriverConnectionFactory.createConnection(DriverConnectionFactory.java:53)
	at org.apache.commons.dbcp2.PoolableConnectionFactory.makeObject(PoolableConnectionFactory.java:291)
	at org.apache.commons.pool2.impl.GenericObjectPool.create(GenericObjectPool.java:883)
	at org.apache.commons.pool2.impl.GenericObjectPool.ensureIdle(GenericObjectPool.java:951)
	at org.apache.commons.pool2.impl.GenericObjectPool.ensureMinIdle(GenericObjectPool.java:930)
	at org.apache.commons.pool2.impl.BaseGenericObjectPool$Evictor.run(BaseGenericObjectPool.java:1121)
	at java.util.concurrent.Executors$RunnableAdapter.call(Executors.java:511)
	at java.util.concurrent.FutureTask.runAndReset(FutureTask.java:308)
	at java.util.concurrent.ScheduledThreadPoolExecutor$ScheduledFutureTask.access$301(ScheduledThreadPoolExecutor.java:180)
	at java.util.concurrent.ScheduledThreadPoolExecutor$ScheduledFutureTask.run(ScheduledThreadPoolExecutor.java:294)
	at java.util.concurrent.ThreadPoolExecutor.runWorker(ThreadPoolExecutor.java:1149)
	at java.util.concurrent.ThreadPoolExecutor$Worker.run(ThreadPoolExecutor.java:624)
	at java.lang.Thread.run(Thread.java:748)
Caused by: java.net.SocketTimeoutException: null
	at java.net.SocksSocketImpl.remainingMillis(SocksSocketImpl.java:113)
	at java.net.SocksSocketImpl.connect(SocksSocketImpl.java:394)
	at java.net.Socket.connect(Socket.java:606)
	at org.h2.util.NetUtils.createSocket(NetUtils.java:123)
	at org.h2.util.NetUtils.createSocket(NetUtils.java:103)
	at org.h2.engine.SessionRemote.initTransfer(SessionRemote.java:100)
	at org.h2.engine.SessionRemote.connectServer(SessionRemote.java:430)
	... 17 common frames omitted
2022.05.20 11:23:45 WARN  ce[][o.s.c.c.CeCleaningSchedulerImpl] Failed to reset tasks with unknown worker UUIDs
org.apache.ibatis.exceptions.PersistenceException: 
### Error updating database.  Cause: org.h2.jdbc.JdbcSQLException: Tiempo vencido intentando trabar (lock) la tabla "CE_QUEUE"
Timeout trying to lock table "CE_QUEUE"; SQL statement:
update ce_queue set
      status='PENDING',
      worker_uuid=NULL,
      updated_at=?
    where
      status = 'IN_PROGRESS'
    and (
      worker_uuid is NULL
      or worker_uuid not in
       (  
        ?
       ) 
    ) [50200-176]
	at org.h2.message.DbException.getJdbcSQLException(DbException.java:344)
	at org.h2.message.DbException.get(DbException.java:178)
	at org.h2.message.DbException.get(DbException.java:154)
	at org.h2.table.RegularTable.doLock(RegularTable.java:530)
	at org.h2.table.RegularTable.lock(RegularTable.java:464)
	at org.h2.command.dml.Update.update(Update.java:90)
	at org.h2.command.CommandContainer.update(CommandContainer.java:79)
	at org.h2.command.Command.executeUpdate(Command.java:254)
	at org.h2.server.TcpServerThread.process(TcpServerThread.java:346)
	at org.h2.server.TcpServerThread.run(TcpServerThread.java:160)
	at java.lang.Thread.run(Thread.java:748)

### The error may exist in org.sonar.db.ce.CeQueueMapper
### The error may involve defaultParameterMap
### The error occurred while setting parameters
### SQL: update ce_queue set       status='PENDING',       worker_uuid=NULL,       updated_at=?     where       status = 'IN_PROGRESS'     and (       worker_uuid is NULL       or worker_uuid not in        (           ?        )      )
### Cause: org.h2.jdbc.JdbcSQLException: Tiempo vencido intentando trabar (lock) la tabla "CE_QUEUE"
Timeout trying to lock table "CE_QUEUE"; SQL statement:
update ce_queue set
      status='PENDING',
      worker_uuid=NULL,
      updated_at=?
    where
      status = 'IN_PROGRESS'
    and (
      worker_uuid is NULL
      or worker_uuid not in
       (  
        ?
       ) 
    ) [50200-176]
	at org.h2.message.DbException.getJdbcSQLException(DbException.java:344)
	at org.h2.message.DbException.get(DbException.java:178)
	at org.h2.message.DbException.get(DbException.java:154)
	at org.h2.table.RegularTable.doLock(RegularTable.java:530)
	at org.h2.table.RegularTable.lock(RegularTable.java:464)
	at org.h2.command.dml.Update.update(Update.java:90)
	at org.h2.command.CommandContainer.update(CommandContainer.java:79)
	at org.h2.command.Command.executeUpdate(Command.java:254)
	at org.h2.server.TcpServerThread.process(TcpServerThread.java:346)
	at org.h2.server.TcpServerThread.run(TcpServerThread.java:160)
	at java.lang.Thread.run(Thread.java:748)

	at org.apache.ibatis.exceptions.ExceptionFactory.wrapException(ExceptionFactory.java:30)
	at org.apache.ibatis.session.defaults.DefaultSqlSession.update(DefaultSqlSession.java:199)
	at org.apache.ibatis.binding.MapperMethod.execute(MapperMethod.java:67)
	at org.apache.ibatis.binding.MapperProxy.invoke(MapperProxy.java:58)
	at com.sun.proxy.$Proxy24.resetTasksWithUnknownWorkerUUIDs(Unknown Source)
	at org.sonar.db.ce.CeQueueDao.lambda$resetTasksWithUnknownWorkerUUIDs$0(CeQueueDao.java:106)
	at org.sonar.db.DatabaseUtils.executeLargeUpdates(DatabaseUtils.java:168)
	at org.sonar.db.DatabaseUtils.executeLargeUpdates(DatabaseUtils.java:149)
	at org.sonar.db.ce.CeQueueDao.resetTasksWithUnknownWorkerUUIDs(CeQueueDao.java:105)
	at org.sonar.ce.queue.InternalCeQueueImpl.resetTasksWithUnknownWorkerUUIDs(InternalCeQueueImpl.java:193)
	at org.sonar.ce.cleaning.CeCleaningSchedulerImpl.resetTasksWithUnknownWorkerUUIDs(CeCleaningSchedulerImpl.java:73)
	at org.sonar.ce.cleaning.CeCleaningSchedulerImpl.cleanCeQueue(CeCleaningSchedulerImpl.java:62)
	at java.util.concurrent.Executors$RunnableAdapter.call(Executors.java:511)
	at java.util.concurrent.FutureTask.runAndReset(FutureTask.java:308)
	at java.util.concurrent.ScheduledThreadPoolExecutor$ScheduledFutureTask.access$301(ScheduledThreadPoolExecutor.java:180)
	at java.util.concurrent.ScheduledThreadPoolExecutor$ScheduledFutureTask.run(ScheduledThreadPoolExecutor.java:294)
	at java.util.concurrent.ThreadPoolExecutor.runWorker(ThreadPoolExecutor.java:1149)
	at java.util.concurrent.ThreadPoolExecutor$Worker.run(ThreadPoolExecutor.java:624)
	at java.lang.Thread.run(Thread.java:748)
Caused by: org.h2.jdbc.JdbcSQLException: Tiempo vencido intentando trabar (lock) la tabla "CE_QUEUE"
Timeout trying to lock table "CE_QUEUE"; SQL statement:
update ce_queue set
      status='PENDING',
      worker_uuid=NULL,
      updated_at=?
    where
      status = 'IN_PROGRESS'
    and (
      worker_uuid is NULL
      or worker_uuid not in
       (  
        ?
       ) 
    ) [50200-176]
	at org.h2.engine.SessionRemote.done(SessionRemote.java:606)
	at org.h2.command.CommandRemote.executeUpdate(CommandRemote.java:192)
	at org.h2.jdbc.JdbcPreparedStatement.execute(JdbcPreparedStatement.java:199)
	at org.apache.commons.dbcp2.DelegatingPreparedStatement.execute(DelegatingPreparedStatement.java:94)
	at org.apache.commons.dbcp2.DelegatingPreparedStatement.execute(DelegatingPreparedStatement.java:94)
	at org.apache.ibatis.executor.statement.PreparedStatementHandler.update(PreparedStatementHandler.java:47)
	at org.apache.ibatis.executor.statement.RoutingStatementHandler.update(RoutingStatementHandler.java:74)
	at org.apache.ibatis.executor.ReuseExecutor.doUpdate(ReuseExecutor.java:52)
	at org.apache.ibatis.executor.BaseExecutor.update(BaseExecutor.java:117)
	at org.apache.ibatis.executor.CachingExecutor.update(CachingExecutor.java:76)
	at org.apache.ibatis.session.defaults.DefaultSqlSession.update(DefaultSqlSession.java:197)
	... 17 common frames omitted
2022.05.20 11:26:15 WARN  ce[][o.s.c.c.CeCleaningSchedulerImpl] Failed to reset tasks with unknown worker UUIDs
org.apache.ibatis.exceptions.PersistenceException: 
### Error updating database.  Cause: org.h2.jdbc.JdbcSQLException: Tiempo vencido intentando trabar (lock) la tabla "CE_QUEUE"
Timeout trying to lock table "CE_QUEUE"; SQL statement:
update ce_queue set
      status='PENDING',
      worker_uuid=NULL,
      updated_at=?
    where
      status = 'IN_PROGRESS'
    and (
      worker_uuid is NULL
      or worker_uuid not in
       (  
        ?
       ) 
    ) [50200-176]
	at org.h2.message.DbException.getJdbcSQLException(DbException.java:344)
	at org.h2.message.DbException.get(DbException.java:178)
	at org.h2.message.DbException.get(DbException.java:154)
	at org.h2.table.RegularTable.doLock(RegularTable.java:530)
	at org.h2.table.RegularTable.lock(RegularTable.java:464)
	at org.h2.command.dml.Update.update(Update.java:90)
	at org.h2.command.CommandContainer.update(CommandContainer.java:79)
	at org.h2.command.Command.executeUpdate(Command.java:254)
	at org.h2.server.TcpServerThread.process(TcpServerThread.java:346)
	at org.h2.server.TcpServerThread.run(TcpServerThread.java:160)
	at java.lang.Thread.run(Thread.java:748)

### The error may exist in org.sonar.db.ce.CeQueueMapper
### The error may involve defaultParameterMap
### The error occurred while setting parameters
### SQL: update ce_queue set       status='PENDING',       worker_uuid=NULL,       updated_at=?     where       status = 'IN_PROGRESS'     and (       worker_uuid is NULL       or worker_uuid not in        (           ?        )      )
### Cause: org.h2.jdbc.JdbcSQLException: Tiempo vencido intentando trabar (lock) la tabla "CE_QUEUE"
Timeout trying to lock table "CE_QUEUE"; SQL statement:
update ce_queue set
      status='PENDING',
      worker_uuid=NULL,
      updated_at=?
    where
      status = 'IN_PROGRESS'
    and (
      worker_uuid is NULL
      or worker_uuid not in
       (  
        ?
       ) 
    ) [50200-176]
	at org.h2.message.DbException.getJdbcSQLException(DbException.java:344)
	at org.h2.message.DbException.get(DbException.java:178)
	at org.h2.message.DbException.get(DbException.java:154)
	at org.h2.table.RegularTable.doLock(RegularTable.java:530)
	at org.h2.table.RegularTable.lock(RegularTable.java:464)
	at org.h2.command.dml.Update.update(Update.java:90)
	at org.h2.command.CommandContainer.update(CommandContainer.java:79)
	at org.h2.command.Command.executeUpdate(Command.java:254)
	at org.h2.server.TcpServerThread.process(TcpServerThread.java:346)
	at org.h2.server.TcpServerThread.run(TcpServerThread.java:160)
	at java.lang.Thread.run(Thread.java:748)

	at org.apache.ibatis.exceptions.ExceptionFactory.wrapException(ExceptionFactory.java:30)
	at org.apache.ibatis.session.defaults.DefaultSqlSession.update(DefaultSqlSession.java:199)
	at org.apache.ibatis.binding.MapperMethod.execute(MapperMethod.java:67)
	at org.apache.ibatis.binding.MapperProxy.invoke(MapperProxy.java:58)
	at com.sun.proxy.$Proxy24.resetTasksWithUnknownWorkerUUIDs(Unknown Source)
	at org.sonar.db.ce.CeQueueDao.lambda$resetTasksWithUnknownWorkerUUIDs$0(CeQueueDao.java:106)
	at org.sonar.db.DatabaseUtils.executeLargeUpdates(DatabaseUtils.java:168)
	at org.sonar.db.DatabaseUtils.executeLargeUpdates(DatabaseUtils.java:149)
	at org.sonar.db.ce.CeQueueDao.resetTasksWithUnknownWorkerUUIDs(CeQueueDao.java:105)
	at org.sonar.ce.queue.InternalCeQueueImpl.resetTasksWithUnknownWorkerUUIDs(InternalCeQueueImpl.java:193)
	at org.sonar.ce.cleaning.CeCleaningSchedulerImpl.resetTasksWithUnknownWorkerUUIDs(CeCleaningSchedulerImpl.java:73)
	at org.sonar.ce.cleaning.CeCleaningSchedulerImpl.cleanCeQueue(CeCleaningSchedulerImpl.java:62)
	at java.util.concurrent.Executors$RunnableAdapter.call(Executors.java:511)
	at java.util.concurrent.FutureTask.runAndReset(FutureTask.java:308)
	at java.util.concurrent.ScheduledThreadPoolExecutor$ScheduledFutureTask.access$301(ScheduledThreadPoolExecutor.java:180)
	at java.util.concurrent.ScheduledThreadPoolExecutor$ScheduledFutureTask.run(ScheduledThreadPoolExecutor.java:294)
	at java.util.concurrent.ThreadPoolExecutor.runWorker(ThreadPoolExecutor.java:1149)
	at java.util.concurrent.ThreadPoolExecutor$Worker.run(ThreadPoolExecutor.java:624)
	at java.lang.Thread.run(Thread.java:748)
Caused by: org.h2.jdbc.JdbcSQLException: Tiempo vencido intentando trabar (lock) la tabla "CE_QUEUE"
Timeout trying to lock table "CE_QUEUE"; SQL statement:
update ce_queue set
      status='PENDING',
      worker_uuid=NULL,
      updated_at=?
    where
      status = 'IN_PROGRESS'
    and (
      worker_uuid is NULL
      or worker_uuid not in
       (  
        ?
       ) 
    ) [50200-176]
	at org.h2.engine.SessionRemote.done(SessionRemote.java:606)
	at org.h2.command.CommandRemote.executeUpdate(CommandRemote.java:192)
	at org.h2.jdbc.JdbcPreparedStatement.execute(JdbcPreparedStatement.java:199)
	at org.apache.commons.dbcp2.DelegatingPreparedStatement.execute(DelegatingPreparedStatement.java:94)
	at org.apache.commons.dbcp2.DelegatingPreparedStatement.execute(DelegatingPreparedStatement.java:94)
	at org.apache.ibatis.executor.statement.PreparedStatementHandler.update(PreparedStatementHandler.java:47)
	at org.apache.ibatis.executor.statement.RoutingStatementHandler.update(RoutingStatementHandler.java:74)
	at org.apache.ibatis.executor.ReuseExecutor.doUpdate(ReuseExecutor.java:52)
	at org.apache.ibatis.executor.BaseExecutor.update(BaseExecutor.java:117)
	at org.apache.ibatis.executor.CachingExecutor.update(CachingExecutor.java:76)
	at org.apache.ibatis.session.defaults.DefaultSqlSession.update(DefaultSqlSession.java:197)
	... 17 common frames omitted
