2022.05.19 18:07:30 INFO  es[][o.e.e.NodeEnvironment] using [1] data paths, mounts [[/ (/dev/mapper/ssd-vm--69068--disk--0)]], net usable_space [23.9gb], net total_space [30.3gb], types [ext4]
2022.05.19 18:07:30 INFO  es[][o.e.e.NodeEnvironment] heap size [494.9mb], compressed ordinary object pointers [true]
2022.05.19 18:07:30 INFO  es[][o.e.n.Node] node name [sonarqube], node ID [S-4kgVgUR66bO37ZljOBcg]
2022.05.19 18:07:30 INFO  es[][o.e.n.Node] version[6.8.0], pid[29658], build[default/tar/65b6179/2019-05-15T20:06:13.172855Z], OS[Linux/5.4.128-1-pve/amd64], JVM[Oracle Corporation/Java HotSpot(TM) 64-Bit Server VM/1.8.0_301/25.301-b09]
2022.05.19 18:07:30 INFO  es[][o.e.n.Node] JVM arguments [-XX:+UseConcMarkSweepGC, -XX:CMSInitiatingOccupancyFraction=75, -XX:+UseCMSInitiatingOccupancyOnly, -Des.networkaddress.cache.ttl=60, -Des.networkaddress.cache.negative.ttl=10, -XX:+AlwaysPreTouch, -Xss1m, -Djava.awt.headless=true, -Dfile.encoding=UTF-8, -Djna.nosys=true, -XX:-OmitStackTraceInFastThrow, -Dio.netty.noUnsafe=true, -Dio.netty.noKeySetOptimization=true, -Dio.netty.recycler.maxCapacityPerThread=0, -Dlog4j.shutdownHookEnabled=false, -Dlog4j2.disable.jmx=true, -Djava.io.tmpdir=/home/alumno/Descargas/sonarqube-7.8/temp, -XX:ErrorFile=../logs/es_hs_err_pid%p.log, -Xms512m, -Xmx512m, -XX:+HeapDumpOnOutOfMemoryError, -Des.path.home=/home/alumno/Descargas/sonarqube-7.8/elasticsearch, -Des.path.conf=/home/alumno/Descargas/sonarqube-7.8/temp/conf/es, -Des.distribution.flavor=default, -Des.distribution.type=tar]
2022.05.19 18:07:31 INFO  es[][o.e.p.PluginsService] loaded module [analysis-common]
2022.05.19 18:07:31 INFO  es[][o.e.p.PluginsService] loaded module [lang-painless]
2022.05.19 18:07:31 INFO  es[][o.e.p.PluginsService] loaded module [mapper-extras]
2022.05.19 18:07:31 INFO  es[][o.e.p.PluginsService] loaded module [parent-join]
2022.05.19 18:07:31 INFO  es[][o.e.p.PluginsService] loaded module [percolator]
2022.05.19 18:07:31 INFO  es[][o.e.p.PluginsService] loaded module [reindex]
2022.05.19 18:07:31 INFO  es[][o.e.p.PluginsService] loaded module [repository-url]
2022.05.19 18:07:31 INFO  es[][o.e.p.PluginsService] loaded module [transport-netty4]
2022.05.19 18:07:31 INFO  es[][o.e.p.PluginsService] no plugins loaded
2022.05.19 18:07:34 WARN  es[][o.e.d.c.s.Settings] [http.enabled] setting was deprecated in Elasticsearch and will be removed in a future release! See the breaking changes documentation for the next major version.
2022.05.19 18:07:36 INFO  es[][o.e.d.DiscoveryModule] using discovery type [zen] and host providers [settings]
2022.05.19 18:07:37 INFO  es[][o.e.n.Node] initialized
2022.05.19 18:07:37 INFO  es[][o.e.n.Node] starting ...
2022.05.19 18:07:37 INFO  es[][o.e.t.TransportService] publish_address {127.0.0.1:9001}, bound_addresses {127.0.0.1:9001}
2022.05.19 18:07:40 INFO  es[][o.e.c.s.MasterService] zen-disco-elected-as-master ([0] nodes joined), reason: new_master {sonarqube}{S-4kgVgUR66bO37ZljOBcg}{LHOW5zIqRWaJ-xqnYH5-MA}{127.0.0.1}{127.0.0.1:9001}{rack_id=sonarqube}
2022.05.19 18:07:40 INFO  es[][o.e.c.s.ClusterApplierService] new_master {sonarqube}{S-4kgVgUR66bO37ZljOBcg}{LHOW5zIqRWaJ-xqnYH5-MA}{127.0.0.1}{127.0.0.1:9001}{rack_id=sonarqube}, reason: apply cluster state (from master [master {sonarqube}{S-4kgVgUR66bO37ZljOBcg}{LHOW5zIqRWaJ-xqnYH5-MA}{127.0.0.1}{127.0.0.1:9001}{rack_id=sonarqube} committed version [1] source [zen-disco-elected-as-master ([0] nodes joined)]])
2022.05.19 18:07:40 INFO  es[][o.e.n.Node] started
2022.05.19 18:07:40 INFO  es[][o.e.g.GatewayService] recovered [0] indices into cluster_state
2022.05.19 18:07:53 INFO  es[][o.e.c.m.MetaDataCreateIndexService] [metadatas] creating index, cause [api], templates [], shards [1]/[0], mappings []
2022.05.19 18:07:54 INFO  es[][o.e.c.r.a.AllocationService] Cluster health status changed from [YELLOW] to [GREEN] (reason: [shards started [[metadatas][0]] ...]).
2022.05.19 18:07:54 INFO  es[][o.e.c.m.MetaDataMappingService] [metadatas/Az5iv_uCRUKS2jO5ix6mWw] create_mapping [metadata]
2022.05.19 18:07:54 INFO  es[][o.e.c.m.MetaDataCreateIndexService] [components] creating index, cause [api], templates [], shards [5]/[0], mappings []
2022.05.19 18:07:54 INFO  es[][o.e.c.r.a.AllocationService] Cluster health status changed from [YELLOW] to [GREEN] (reason: [shards started [[components][4]] ...]).
2022.05.19 18:07:55 INFO  es[][o.e.c.m.MetaDataMappingService] [components/O-N1SJnsSxKzrdxAZ7dzBw] create_mapping [auth]
2022.05.19 18:07:55 INFO  es[][o.e.m.j.JvmGcMonitorService] [gc][18] overhead, spent [411ms] collecting in the last [1.3s]
2022.05.19 18:07:55 INFO  es[][o.e.c.m.MetaDataCreateIndexService] [projectmeasures] creating index, cause [api], templates [], shards [5]/[0], mappings []
2022.05.19 18:07:55 INFO  es[][o.e.c.r.a.AllocationService] Cluster health status changed from [YELLOW] to [GREEN] (reason: [shards started [[projectmeasures][4]] ...]).
2022.05.19 18:07:55 INFO  es[][o.e.c.m.MetaDataMappingService] [projectmeasures/3nUwX62xT2Wx_cgKme1uAQ] create_mapping [auth]
2022.05.19 18:07:56 INFO  es[][o.e.c.m.MetaDataCreateIndexService] [rules] creating index, cause [api], templates [], shards [2]/[0], mappings []
2022.05.19 18:07:56 INFO  es[][o.e.c.r.a.AllocationService] Cluster health status changed from [YELLOW] to [GREEN] (reason: [shards started [[rules][1]] ...]).
2022.05.19 18:07:56 INFO  es[][o.e.c.m.MetaDataMappingService] [rules/0LTko_L-RQaTjJBr8Ijhlg] create_mapping [rule]
2022.05.19 18:07:56 INFO  es[][o.e.c.m.MetaDataCreateIndexService] [issues] creating index, cause [api], templates [], shards [5]/[0], mappings []
2022.05.19 18:07:56 INFO  es[][o.e.c.r.a.AllocationService] Cluster health status changed from [YELLOW] to [GREEN] (reason: [shards started [[issues][4]] ...]).
2022.05.19 18:07:56 INFO  es[][o.e.c.m.MetaDataMappingService] [issues/Xv5VrB0lTQmuwPQUtRNsFw] create_mapping [auth]
2022.05.19 18:07:56 INFO  es[][o.e.c.m.MetaDataCreateIndexService] [users] creating index, cause [api], templates [], shards [1]/[0], mappings []
2022.05.19 18:07:56 INFO  es[][o.e.c.r.a.AllocationService] Cluster health status changed from [YELLOW] to [GREEN] (reason: [shards started [[users][0]] ...]).
2022.05.19 18:07:56 INFO  es[][o.e.c.m.MetaDataMappingService] [users/TyYGLEPwQqq1jHC9ELJKnw] create_mapping [user]
2022.05.19 18:07:56 INFO  es[][o.e.c.m.MetaDataCreateIndexService] [views] creating index, cause [api], templates [], shards [5]/[0], mappings []
2022.05.19 18:07:56 INFO  es[][o.e.c.r.a.AllocationService] Cluster health status changed from [YELLOW] to [GREEN] (reason: [shards started [[views][4]] ...]).
2022.05.19 18:07:56 INFO  es[][o.e.c.m.MetaDataMappingService] [views/19Dhl3TAQK2OOsRvAWGWYg] create_mapping [view]
2022.05.19 18:08:37 INFO  es[][o.e.c.s.IndexScopedSettings] updating [index.refresh_interval] from [30s] to [-1]
2022.05.19 18:08:37 INFO  es[][o.e.c.s.IndexScopedSettings] updating [index.refresh_interval] from [30s] to [-1]
2022.05.19 18:08:37 INFO  es[][o.e.c.s.IndexScopedSettings] updating [index.refresh_interval] from [-1] to [30s]
2022.05.19 18:08:37 INFO  es[][o.e.c.s.IndexScopedSettings] updating [index.refresh_interval] from [-1] to [30s]
2022.05.19 18:08:37 INFO  es[][o.e.c.s.IndexScopedSettings] updating [index.refresh_interval] from [30s] to [-1]
2022.05.19 18:08:37 INFO  es[][o.e.c.s.IndexScopedSettings] updating [index.refresh_interval] from [30s] to [-1]
2022.05.19 18:08:37 INFO  es[][o.e.c.s.IndexScopedSettings] updating [index.refresh_interval] from [-1] to [30s]
2022.05.19 18:08:37 INFO  es[][o.e.c.s.IndexScopedSettings] updating [index.refresh_interval] from [-1] to [30s]
2022.05.19 18:56:52 INFO  es[][o.e.n.Node] stopping ...
2022.05.19 18:56:53 INFO  es[][o.e.n.Node] stopped
2022.05.19 18:56:53 INFO  es[][o.e.n.Node] closing ...
2022.05.19 18:56:53 INFO  es[][o.e.n.Node] closed
2022.05.19 19:03:56 INFO  es[][o.e.e.NodeEnvironment] using [1] data paths, mounts [[/ (/dev/mapper/ssd-vm--69068--disk--0)]], net usable_space [22.5gb], net total_space [30.3gb], types [ext4]
2022.05.19 19:03:56 INFO  es[][o.e.e.NodeEnvironment] heap size [494.9mb], compressed ordinary object pointers [true]
2022.05.19 19:03:56 INFO  es[][o.e.n.Node] node name [sonarqube], node ID [S-4kgVgUR66bO37ZljOBcg]
2022.05.19 19:03:56 INFO  es[][o.e.n.Node] version[6.8.0], pid[34959], build[default/tar/65b6179/2019-05-15T20:06:13.172855Z], OS[Linux/5.4.128-1-pve/amd64], JVM[Oracle Corporation/Java HotSpot(TM) 64-Bit Server VM/1.8.0_301/25.301-b09]
2022.05.19 19:03:56 INFO  es[][o.e.n.Node] JVM arguments [-XX:+UseConcMarkSweepGC, -XX:CMSInitiatingOccupancyFraction=75, -XX:+UseCMSInitiatingOccupancyOnly, -Des.networkaddress.cache.ttl=60, -Des.networkaddress.cache.negative.ttl=10, -XX:+AlwaysPreTouch, -Xss1m, -Djava.awt.headless=true, -Dfile.encoding=UTF-8, -Djna.nosys=true, -XX:-OmitStackTraceInFastThrow, -Dio.netty.noUnsafe=true, -Dio.netty.noKeySetOptimization=true, -Dio.netty.recycler.maxCapacityPerThread=0, -Dlog4j.shutdownHookEnabled=false, -Dlog4j2.disable.jmx=true, -Djava.io.tmpdir=/home/alumno/Descargas/sonarqube-7.8/temp, -XX:ErrorFile=../logs/es_hs_err_pid%p.log, -Xms512m, -Xmx512m, -XX:+HeapDumpOnOutOfMemoryError, -Des.path.home=/home/alumno/Descargas/sonarqube-7.8/elasticsearch, -Des.path.conf=/home/alumno/Descargas/sonarqube-7.8/temp/conf/es, -Des.distribution.flavor=default, -Des.distribution.type=tar]
2022.05.19 19:03:57 INFO  es[][o.e.p.PluginsService] loaded module [analysis-common]
2022.05.19 19:03:57 INFO  es[][o.e.p.PluginsService] loaded module [lang-painless]
2022.05.19 19:03:57 INFO  es[][o.e.p.PluginsService] loaded module [mapper-extras]
2022.05.19 19:03:57 INFO  es[][o.e.p.PluginsService] loaded module [parent-join]
2022.05.19 19:03:57 INFO  es[][o.e.p.PluginsService] loaded module [percolator]
2022.05.19 19:03:57 INFO  es[][o.e.p.PluginsService] loaded module [reindex]
2022.05.19 19:03:57 INFO  es[][o.e.p.PluginsService] loaded module [repository-url]
2022.05.19 19:03:57 INFO  es[][o.e.p.PluginsService] loaded module [transport-netty4]
2022.05.19 19:03:57 INFO  es[][o.e.p.PluginsService] no plugins loaded
2022.05.19 19:04:03 WARN  es[][o.e.d.c.s.Settings] [http.enabled] setting was deprecated in Elasticsearch and will be removed in a future release! See the breaking changes documentation for the next major version.
2022.05.19 19:04:06 INFO  es[][o.e.d.DiscoveryModule] using discovery type [zen] and host providers [settings]
2022.05.19 19:04:06 INFO  es[][o.e.n.Node] initialized
2022.05.19 19:04:06 INFO  es[][o.e.n.Node] starting ...
2022.05.19 19:04:07 INFO  es[][o.e.t.TransportService] publish_address {127.0.0.1:9001}, bound_addresses {127.0.0.1:9001}
2022.05.19 19:04:10 INFO  es[][o.e.c.s.MasterService] zen-disco-elected-as-master ([0] nodes joined), reason: new_master {sonarqube}{S-4kgVgUR66bO37ZljOBcg}{ruWmi4ZXQj6Rb1g3JSO9Vw}{127.0.0.1}{127.0.0.1:9001}{rack_id=sonarqube}
2022.05.19 19:04:10 INFO  es[][o.e.c.s.ClusterApplierService] new_master {sonarqube}{S-4kgVgUR66bO37ZljOBcg}{ruWmi4ZXQj6Rb1g3JSO9Vw}{127.0.0.1}{127.0.0.1:9001}{rack_id=sonarqube}, reason: apply cluster state (from master [master {sonarqube}{S-4kgVgUR66bO37ZljOBcg}{ruWmi4ZXQj6Rb1g3JSO9Vw}{127.0.0.1}{127.0.0.1:9001}{rack_id=sonarqube} committed version [1] source [zen-disco-elected-as-master ([0] nodes joined)]])
2022.05.19 19:04:10 INFO  es[][o.e.n.Node] started
2022.05.19 19:04:11 INFO  es[][o.e.g.GatewayService] recovered [7] indices into cluster_state
2022.05.19 19:04:12 INFO  es[][o.e.c.r.a.AllocationService] Cluster health status changed from [RED] to [GREEN] (reason: [shards started [[metadatas][0]] ...]).
2022.05.19 19:19:32 WARN  es[][o.e.c.InternalClusterInfoService] Failed to update shard information for ClusterInfoUpdateJob within 15s timeout
2022.05.19 19:20:37 WARN  es[][o.e.c.InternalClusterInfoService] Failed to update node information for ClusterInfoUpdateJob within 15s timeout
2022.05.19 19:20:54 WARN  es[][o.e.c.InternalClusterInfoService] Failed to update shard information for ClusterInfoUpdateJob within 15s timeout
