2022.05.24 18:28:15 INFO  web[][o.s.p.ProcessEntryPoint] Starting web
2022.05.24 18:28:16 INFO  web[][o.a.t.u.n.NioSelectorPool] Using a shared selector for servlet write/read
2022.05.24 18:28:18 INFO  web[][o.e.p.PluginsService] no modules loaded
2022.05.24 18:28:18 INFO  web[][o.e.p.PluginsService] loaded plugin [org.elasticsearch.join.ParentJoinPlugin]
2022.05.24 18:28:18 INFO  web[][o.e.p.PluginsService] loaded plugin [org.elasticsearch.percolator.PercolatorPlugin]
2022.05.24 18:28:18 INFO  web[][o.e.p.PluginsService] loaded plugin [org.elasticsearch.transport.Netty4Plugin]
2022.05.24 18:28:19 INFO  web[][o.s.s.e.EsClientProvider] Connected to local Elasticsearch: [127.0.0.1:9001]
2022.05.24 18:28:19 INFO  web[][o.s.s.p.LogServerVersion] SonarQube Server / 7.8.0.26217 / daf4da5c554d4153a11e68d13a662313e6cecc92
2022.05.24 18:28:20 INFO  web[][o.s.s.p.d.EmbeddedDatabase] Starting embedded database on port 9092 with url jdbc:h2:tcp://127.0.0.1:9092/sonar
2022.05.24 18:28:20 INFO  web[][o.s.s.p.d.EmbeddedDatabase] Embedded database started. Data stored in: /home/alumno/Escritorio/gpi2/sonarqube-7.8/data
2022.05.24 18:28:20 INFO  web[][o.sonar.db.Database] Create JDBC data source for jdbc:h2:tcp://127.0.0.1:9092/sonar
2022.05.24 18:28:20 WARN  web[][o.s.db.dialect.H2] H2 database should be used for evaluation purpose only.
2022.05.24 18:28:22 INFO  web[][o.s.s.p.ServerFileSystemImpl] SonarQube home: /home/alumno/Escritorio/gpi2/sonarqube-7.8
2022.05.24 18:28:22 INFO  web[][o.s.s.u.SystemPasscodeImpl] System authentication by passcode is disabled
2022.05.24 18:28:22 INFO  web[][o.s.s.p.ServerPluginRepository] Deploy plugin Git / 1.8.0.1574 / aec3dc8f5228aabd218e1cd31ac6e6515a43715d
2022.05.24 18:28:22 INFO  web[][o.s.s.p.ServerPluginRepository] Deploy plugin GitHub Authentication for SonarQube / 1.5.0.870 / 153f7c7af7a264adb0fcbe5fee87bdd140a6a3a1
2022.05.24 18:28:22 INFO  web[][o.s.s.p.ServerPluginRepository] Deploy plugin JaCoCo / 1.0.1.143 / 65c55e41e32c114704fd597ccea91fc55becb4ec
2022.05.24 18:28:22 INFO  web[][o.s.s.p.ServerPluginRepository] Deploy plugin LDAP / 2.2.0.608 / 79dc3fa4393a29667673c70182f3016288b548b7
2022.05.24 18:28:22 INFO  web[][o.s.s.p.ServerPluginRepository] Deploy plugin SAML 2.0 Authentication for SonarQube / 1.1.0.181 / 16fcb5be2d3bcfee8920b29cd758d8b957a18acb
2022.05.24 18:28:22 INFO  web[][o.s.s.p.ServerPluginRepository] Deploy plugin SonarC# / 7.14.0.8411 / 6b1f3f2cfd9555d0683bf65f400f0acc48452adb
2022.05.24 18:28:22 INFO  web[][o.s.s.p.ServerPluginRepository] Deploy plugin SonarCSS / 1.1.0.993 / ebac7cd722f1f455344f46bd3581a3ba4cfd9003
2022.05.24 18:28:22 INFO  web[][o.s.s.p.ServerPluginRepository] Deploy plugin SonarFlex / 2.4.0.1222 / 68d9cb3b7daccbc4869c4f2b89d09218d26a0829
2022.05.24 18:28:22 INFO  web[][o.s.s.p.ServerPluginRepository] Deploy plugin SonarGo / 1.1.1.2000 / 40d55921c7a63b67386a053490d17b6723a46cd5
2022.05.24 18:28:22 INFO  web[][o.s.s.p.ServerPluginRepository] Deploy plugin SonarHTML / 3.1.0.1615 / 4181edb5eff5605bec82dc0aa15ecd70eaa5857f
2022.05.24 18:28:22 INFO  web[][o.s.s.p.ServerPluginRepository] Deploy plugin SonarJS / 5.2.1.7778 / 49f34eaeaad59868d4353d89b1fc5c02bbe51976
2022.05.24 18:28:22 INFO  web[][o.s.s.p.ServerPluginRepository] Deploy plugin SonarJava / 5.13.0.18197 / 35e70591626e1b27bb059f795dda0327c02a09d3
2022.05.24 18:28:22 INFO  web[][o.s.s.p.ServerPluginRepository] Deploy plugin SonarKotlin / 1.5.0.315 / 4ff3a145a58f3f84f1b39846a205a129d742e993
2022.05.24 18:28:22 INFO  web[][o.s.s.p.ServerPluginRepository] Deploy plugin SonarPHP / 3.1.1.4762 / b5f6f72ed396a6908fd2622a7ef141fde816ee9c
2022.05.24 18:28:22 INFO  web[][o.s.s.p.ServerPluginRepository] Deploy plugin SonarPython / 1.14.0.3086 / a6ac95b01b57bfb5f4ca604b4234595bb9f04b7e
2022.05.24 18:28:22 INFO  web[][o.s.s.p.ServerPluginRepository] Deploy plugin SonarRuby / 1.5.0.315 / 4ff3a145a58f3f84f1b39846a205a129d742e993
2022.05.24 18:28:22 INFO  web[][o.s.s.p.ServerPluginRepository] Deploy plugin SonarScala / 1.5.0.315 / 4ff3a145a58f3f84f1b39846a205a129d742e993
2022.05.24 18:28:22 INFO  web[][o.s.s.p.ServerPluginRepository] Deploy plugin SonarTS / 1.9.0.3766 / 4a4080b78001a78d758d1d0fa0190fb9496b6f57
2022.05.24 18:28:22 INFO  web[][o.s.s.p.ServerPluginRepository] Deploy plugin SonarVB / 7.14.0.8411 / 6b1f3f2cfd9555d0683bf65f400f0acc48452adb
2022.05.24 18:28:22 INFO  web[][o.s.s.p.ServerPluginRepository] Deploy plugin SonarXML / 2.0.1.2020 / c5b84004face582d56f110e24c29bf9c6a679e69
2022.05.24 18:28:22 INFO  web[][o.s.s.p.ServerPluginRepository] Deploy plugin Svn / 1.9.0.1295 / 942e075773975354e32691a60bfd968065703e04
2022.05.24 18:28:24 INFO  web[][o.s.s.p.w.MasterServletFilter] Initializing servlet filter org.sonar.server.ws.WebServiceFilter@493d46e1 [pattern=UrlPattern{inclusions=[/api/system/migrate_db.*, ...], exclusions=[/api/properties*, ...]}]
2022.05.24 18:28:24 INFO  web[][o.s.s.a.EmbeddedTomcat] HTTP connector enabled on port 9000
2022.05.24 18:28:25 INFO  web[][o.s.s.p.UpdateCenterClient] Update center: https://update.sonarsource.org/update-center.properties (no proxy)
2022.05.24 18:28:27 INFO  web[][o.s.s.s.LogServerId] Server ID: BF41A1F2-AYDdE0eCqYyc8vp6aqPW
2022.05.24 18:28:27 WARN  web[][o.s.s.a.LogOAuthWarning] For security reasons, OAuth authentication should use HTTPS. You should set the property 'Administration > Configuration > Server base URL' to a HTTPS URL.
2022.05.24 18:28:27 WARN  web[][o.s.a.s.w.WebService$Action] The response example is not set on action api/plugins/download
2022.05.24 18:28:27 WARN  web[][o.s.a.s.w.WebService$Action] The response example is not set on action api/permissions/search_templates
2022.05.24 18:28:27 INFO  web[][o.s.s.t.TelemetryDaemon] Sharing of SonarQube statistics is enabled.
2022.05.24 18:28:27 INFO  web[][o.s.s.n.NotificationDaemon] Notification service started (delay 60 sec.)
2022.05.24 18:28:27 INFO  web[][o.s.s.s.GeneratePluginIndex] Generate scanner plugin index
2022.05.24 18:28:27 INFO  web[][o.s.s.s.RegisterPlugins] Register plugins
2022.05.24 18:28:27 INFO  web[][o.s.s.s.RegisterMetrics] Register metrics
2022.05.24 18:28:27 INFO  web[][o.s.s.r.RegisterRules] Register rules
2022.05.24 18:28:35 INFO  web[][o.s.s.q.BuiltInQProfileRepositoryImpl] Load quality profiles
2022.05.24 18:28:37 INFO  web[][o.s.s.q.RegisterQualityProfiles] Register quality profiles
2022.05.24 18:28:37 INFO  web[][o.s.s.q.RegisterQualityProfiles] Update profile css/Sonar way
2022.05.24 18:28:37 INFO  web[][o.s.s.q.RegisterQualityProfiles] Update profile scala/Sonar way
2022.05.24 18:28:38 INFO  web[][o.s.s.q.RegisterQualityProfiles] Update profile jsp/Sonar way
2022.05.24 18:28:38 INFO  web[][o.s.s.q.RegisterQualityProfiles] Update profile kotlin/Sonar way
2022.05.24 18:28:38 INFO  web[][o.s.s.q.RegisterQualityProfiles] Update profile go/Sonar way
2022.05.24 18:28:38 INFO  web[][o.s.s.q.RegisterQualityProfiles] Update profile js/Sonar way Recommended
2022.05.24 18:28:39 INFO  web[][o.s.s.q.RegisterQualityProfiles] Update profile js/Sonar way
2022.05.24 18:28:39 INFO  web[][o.s.s.q.RegisterQualityProfiles] Update profile py/Sonar way
2022.05.24 18:28:39 INFO  web[][o.s.s.q.RegisterQualityProfiles] Update profile ruby/Sonar way
2022.05.24 18:28:39 INFO  web[][o.s.s.q.RegisterQualityProfiles] Update profile cs/Sonar way
2022.05.24 18:28:40 INFO  web[][o.s.s.q.RegisterQualityProfiles] Update profile java/Sonar way
2022.05.24 18:28:41 INFO  web[][o.s.s.q.RegisterQualityProfiles] Update profile web/Sonar way
2022.05.24 18:28:41 INFO  web[][o.s.s.q.RegisterQualityProfiles] Update profile flex/Sonar way
2022.05.24 18:28:41 INFO  web[][o.s.s.q.RegisterQualityProfiles] Update profile xml/Sonar way
2022.05.24 18:28:41 INFO  web[][o.s.s.q.RegisterQualityProfiles] Update profile php/Sonar way
2022.05.24 18:28:41 INFO  web[][o.s.s.q.RegisterQualityProfiles] Update profile php/PSR-2
2022.05.24 18:28:41 INFO  web[][o.s.s.q.RegisterQualityProfiles] Update profile php/Drupal
2022.05.24 18:28:41 INFO  web[][o.s.s.q.RegisterQualityProfiles] Update profile vbnet/Sonar way
2022.05.24 18:28:41 INFO  web[][o.s.s.q.RegisterQualityProfiles] Update profile ts/Sonar way
2022.05.24 18:28:42 INFO  web[][o.s.s.q.RegisterQualityProfiles] Update profile ts/Sonar way recommended
2022.05.24 18:28:42 INFO  web[][o.s.s.s.RegisterPermissionTemplates] Register permission templates
2022.05.24 18:28:42 INFO  web[][o.s.s.s.RenameDeprecatedPropertyKeys] Rename deprecated property keys
2022.05.24 18:28:42 INFO  web[][o.s.s.p.w.MasterServletFilter] Initializing servlet filter org.sonar.server.ws.WebServiceFilter@70b47092 [pattern=UrlPattern{inclusions=[/api/issues/delete_comment.*, ...], exclusions=[/api/properties*, ...]}]
2022.05.24 18:28:42 INFO  web[][o.s.s.p.w.MasterServletFilter] Initializing servlet filter org.sonar.server.ws.DeprecatedPropertiesWsFilter@46568fc6 [pattern=UrlPattern{inclusions=[/api/properties/*], exclusions=[]}]
2022.05.24 18:28:42 INFO  web[][o.s.s.p.w.MasterServletFilter] Initializing servlet filter org.sonar.server.ws.WebServiceReroutingFilter@6fb6a8df [pattern=UrlPattern{inclusions=[/api/components/bulk_update_key, ...], exclusions=[]}]
2022.05.24 18:28:42 INFO  web[][o.s.s.p.w.MasterServletFilter] Initializing servlet filter org.sonar.server.authentication.InitFilter@4f8c2178 [pattern=UrlPattern{inclusions=[/sessions/init/*], exclusions=[]}]
2022.05.24 18:28:42 INFO  web[][o.s.s.p.w.MasterServletFilter] Initializing servlet filter org.sonar.server.authentication.OAuth2CallbackFilter@aa10185 [pattern=UrlPattern{inclusions=[/oauth2/callback/*], exclusions=[]}]
2022.05.24 18:28:42 INFO  web[][o.s.s.p.w.MasterServletFilter] Initializing servlet filter org.sonar.server.authentication.ws.LoginAction@588aa47e [pattern=UrlPattern{inclusions=[/api/authentication/login], exclusions=[]}]
2022.05.24 18:28:42 INFO  web[][o.s.s.p.w.MasterServletFilter] Initializing servlet filter org.sonar.server.authentication.ws.LogoutAction@57fb0111 [pattern=UrlPattern{inclusions=[/api/authentication/logout], exclusions=[]}]
2022.05.24 18:28:42 INFO  web[][o.s.s.p.w.MasterServletFilter] Initializing servlet filter org.sonar.server.authentication.ws.ValidateAction@32756749 [pattern=UrlPattern{inclusions=[/api/authentication/validate], exclusions=[]}]
2022.05.24 18:28:42 INFO  web[][o.s.s.p.p.PlatformLevelStartup] Running Community Edition
2022.05.24 18:28:42 INFO  web[][o.s.s.p.Platform] WebServer is operational
2022.05.24 18:42:28 INFO  web[][o.s.p.ProcessEntryPoint] Gracefully stopping process
2022.05.24 18:42:28 INFO  web[][o.s.s.n.NotificationDaemon] Notification service stopped
2022.05.24 18:42:28 INFO  web[][o.s.s.p.d.EmbeddedDatabase] Embedded database stopped
2022.05.24 18:42:28 INFO  web[][o.s.s.app.WebServer] WebServer stopped
2022.05.24 18:42:47 INFO  web[][o.s.p.ProcessEntryPoint] Starting web
2022.05.24 18:42:48 INFO  web[][o.a.t.u.n.NioSelectorPool] Using a shared selector for servlet write/read
2022.05.24 18:42:49 INFO  web[][o.e.p.PluginsService] no modules loaded
2022.05.24 18:42:49 INFO  web[][o.e.p.PluginsService] loaded plugin [org.elasticsearch.join.ParentJoinPlugin]
2022.05.24 18:42:49 INFO  web[][o.e.p.PluginsService] loaded plugin [org.elasticsearch.percolator.PercolatorPlugin]
2022.05.24 18:42:49 INFO  web[][o.e.p.PluginsService] loaded plugin [org.elasticsearch.transport.Netty4Plugin]
2022.05.24 18:42:51 INFO  web[][o.s.s.e.EsClientProvider] Connected to local Elasticsearch: [127.0.0.1:9001]
2022.05.24 18:42:51 INFO  web[][o.s.s.p.LogServerVersion] SonarQube Server / 7.8.0.26217 / daf4da5c554d4153a11e68d13a662313e6cecc92
2022.05.24 18:42:51 INFO  web[][o.s.s.p.d.EmbeddedDatabase] Starting embedded database on port 9092 with url jdbc:h2:tcp://127.0.0.1:9092/sonar
2022.05.24 18:42:51 INFO  web[][o.s.s.p.d.EmbeddedDatabase] Embedded database started. Data stored in: /home/alumno/Escritorio/gpi2/sonarqube-7.8/data
2022.05.24 18:42:51 INFO  web[][o.sonar.db.Database] Create JDBC data source for jdbc:h2:tcp://127.0.0.1:9092/sonar
2022.05.24 18:42:51 WARN  web[][o.s.db.dialect.H2] H2 database should be used for evaluation purpose only.
2022.05.24 18:42:53 INFO  web[][o.s.s.p.ServerFileSystemImpl] SonarQube home: /home/alumno/Escritorio/gpi2/sonarqube-7.8
2022.05.24 18:42:53 INFO  web[][o.s.s.u.SystemPasscodeImpl] System authentication by passcode is disabled
2022.05.24 18:42:54 INFO  web[][o.s.s.p.ServerPluginRepository] Deploy plugin Git / 1.8.0.1574 / aec3dc8f5228aabd218e1cd31ac6e6515a43715d
2022.05.24 18:42:54 INFO  web[][o.s.s.p.ServerPluginRepository] Deploy plugin GitHub Authentication for SonarQube / 1.5.0.870 / 153f7c7af7a264adb0fcbe5fee87bdd140a6a3a1
2022.05.24 18:42:54 INFO  web[][o.s.s.p.ServerPluginRepository] Deploy plugin JaCoCo / 1.0.1.143 / 65c55e41e32c114704fd597ccea91fc55becb4ec
2022.05.24 18:42:54 INFO  web[][o.s.s.p.ServerPluginRepository] Deploy plugin LDAP / 2.2.0.608 / 79dc3fa4393a29667673c70182f3016288b548b7
2022.05.24 18:42:54 INFO  web[][o.s.s.p.ServerPluginRepository] Deploy plugin SAML 2.0 Authentication for SonarQube / 1.1.0.181 / 16fcb5be2d3bcfee8920b29cd758d8b957a18acb
2022.05.24 18:42:54 INFO  web[][o.s.s.p.ServerPluginRepository] Deploy plugin SonarC# / 7.14.0.8411 / 6b1f3f2cfd9555d0683bf65f400f0acc48452adb
2022.05.24 18:42:54 INFO  web[][o.s.s.p.ServerPluginRepository] Deploy plugin SonarCSS / 1.1.0.993 / ebac7cd722f1f455344f46bd3581a3ba4cfd9003
2022.05.24 18:42:54 INFO  web[][o.s.s.p.ServerPluginRepository] Deploy plugin SonarFlex / 2.4.0.1222 / 68d9cb3b7daccbc4869c4f2b89d09218d26a0829
2022.05.24 18:42:54 INFO  web[][o.s.s.p.ServerPluginRepository] Deploy plugin SonarGo / 1.1.1.2000 / 40d55921c7a63b67386a053490d17b6723a46cd5
2022.05.24 18:42:54 INFO  web[][o.s.s.p.ServerPluginRepository] Deploy plugin SonarHTML / 3.1.0.1615 / 4181edb5eff5605bec82dc0aa15ecd70eaa5857f
2022.05.24 18:42:54 INFO  web[][o.s.s.p.ServerPluginRepository] Deploy plugin SonarJS / 5.2.1.7778 / 49f34eaeaad59868d4353d89b1fc5c02bbe51976
2022.05.24 18:42:54 INFO  web[][o.s.s.p.ServerPluginRepository] Deploy plugin SonarJava / 5.13.0.18197 / 35e70591626e1b27bb059f795dda0327c02a09d3
2022.05.24 18:42:54 INFO  web[][o.s.s.p.ServerPluginRepository] Deploy plugin SonarKotlin / 1.5.0.315 / 4ff3a145a58f3f84f1b39846a205a129d742e993
2022.05.24 18:42:54 INFO  web[][o.s.s.p.ServerPluginRepository] Deploy plugin SonarPHP / 3.1.1.4762 / b5f6f72ed396a6908fd2622a7ef141fde816ee9c
2022.05.24 18:42:54 INFO  web[][o.s.s.p.ServerPluginRepository] Deploy plugin SonarPython / 1.14.0.3086 / a6ac95b01b57bfb5f4ca604b4234595bb9f04b7e
2022.05.24 18:42:54 INFO  web[][o.s.s.p.ServerPluginRepository] Deploy plugin SonarRuby / 1.5.0.315 / 4ff3a145a58f3f84f1b39846a205a129d742e993
2022.05.24 18:42:54 INFO  web[][o.s.s.p.ServerPluginRepository] Deploy plugin SonarScala / 1.5.0.315 / 4ff3a145a58f3f84f1b39846a205a129d742e993
2022.05.24 18:42:54 INFO  web[][o.s.s.p.ServerPluginRepository] Deploy plugin SonarTS / 1.9.0.3766 / 4a4080b78001a78d758d1d0fa0190fb9496b6f57
2022.05.24 18:42:54 INFO  web[][o.s.s.p.ServerPluginRepository] Deploy plugin SonarVB / 7.14.0.8411 / 6b1f3f2cfd9555d0683bf65f400f0acc48452adb
2022.05.24 18:42:54 INFO  web[][o.s.s.p.ServerPluginRepository] Deploy plugin SonarXML / 2.0.1.2020 / c5b84004face582d56f110e24c29bf9c6a679e69
2022.05.24 18:42:54 INFO  web[][o.s.s.p.ServerPluginRepository] Deploy plugin Svn / 1.9.0.1295 / 942e075773975354e32691a60bfd968065703e04
2022.05.24 18:42:55 INFO  web[][o.s.s.p.w.MasterServletFilter] Initializing servlet filter org.sonar.server.ws.WebServiceFilter@7fb3db8 [pattern=UrlPattern{inclusions=[/api/system/migrate_db.*, ...], exclusions=[/api/properties*, ...]}]
2022.05.24 18:42:55 INFO  web[][o.s.s.a.EmbeddedTomcat] HTTP connector enabled on port 9000
2022.05.24 18:42:56 INFO  web[][o.s.s.p.UpdateCenterClient] Update center: https://update.sonarsource.org/update-center.properties (no proxy)
2022.05.24 18:42:58 INFO  web[][o.s.s.s.LogServerId] Server ID: BF41A1F2-AYDdE0eCqYyc8vp6aqPW
2022.05.24 18:42:58 WARN  web[][o.s.s.a.LogOAuthWarning] For security reasons, OAuth authentication should use HTTPS. You should set the property 'Administration > Configuration > Server base URL' to a HTTPS URL.
2022.05.24 18:42:58 WARN  web[][o.s.a.s.w.WebService$Action] The response example is not set on action api/plugins/download
2022.05.24 18:42:58 WARN  web[][o.s.a.s.w.WebService$Action] The response example is not set on action api/permissions/search_templates
2022.05.24 18:42:58 INFO  web[][o.s.s.t.TelemetryDaemon] Sharing of SonarQube statistics is enabled.
2022.05.24 18:42:58 INFO  web[][o.s.s.n.NotificationDaemon] Notification service started (delay 60 sec.)
2022.05.24 18:42:58 INFO  web[][o.s.s.s.GeneratePluginIndex] Generate scanner plugin index
2022.05.24 18:42:58 INFO  web[][o.s.s.s.RegisterPlugins] Register plugins
2022.05.24 18:42:58 INFO  web[][o.s.s.s.RegisterMetrics] Register metrics
2022.05.24 18:42:58 INFO  web[][o.s.s.r.RegisterRules] Register rules
2022.05.24 18:43:06 INFO  web[][o.s.s.q.BuiltInQProfileRepositoryImpl] Load quality profiles
2022.05.24 18:43:07 INFO  web[][o.s.s.q.RegisterQualityProfiles] Register quality profiles
2022.05.24 18:43:07 INFO  web[][o.s.s.q.RegisterQualityProfiles] Update profile css/Sonar way
2022.05.24 18:43:07 INFO  web[][o.s.s.q.RegisterQualityProfiles] Update profile scala/Sonar way
2022.05.24 18:43:08 INFO  web[][o.s.s.q.RegisterQualityProfiles] Update profile jsp/Sonar way
2022.05.24 18:43:08 INFO  web[][o.s.s.q.RegisterQualityProfiles] Update profile kotlin/Sonar way
2022.05.24 18:43:08 INFO  web[][o.s.s.q.RegisterQualityProfiles] Update profile go/Sonar way
2022.05.24 18:43:08 INFO  web[][o.s.s.q.RegisterQualityProfiles] Update profile js/Sonar way Recommended
2022.05.24 18:43:08 INFO  web[][o.s.s.q.RegisterQualityProfiles] Update profile js/Sonar way
2022.05.24 18:43:08 INFO  web[][o.s.s.q.RegisterQualityProfiles] Update profile py/Sonar way
2022.05.24 18:43:08 INFO  web[][o.s.s.q.RegisterQualityProfiles] Update profile ruby/Sonar way
2022.05.24 18:43:09 INFO  web[][o.s.s.q.RegisterQualityProfiles] Update profile cs/Sonar way
2022.05.24 18:43:09 INFO  web[][o.s.s.q.RegisterQualityProfiles] Update profile java/Sonar way
2022.05.24 18:43:09 INFO  web[][o.s.s.q.RegisterQualityProfiles] Update profile web/Sonar way
2022.05.24 18:43:10 INFO  web[][o.s.s.q.RegisterQualityProfiles] Update profile flex/Sonar way
2022.05.24 18:43:10 INFO  web[][o.s.s.q.RegisterQualityProfiles] Update profile xml/Sonar way
2022.05.24 18:43:10 INFO  web[][o.s.s.q.RegisterQualityProfiles] Update profile php/Sonar way
2022.05.24 18:43:10 INFO  web[][o.s.s.q.RegisterQualityProfiles] Update profile php/PSR-2
2022.05.24 18:43:10 INFO  web[][o.s.s.q.RegisterQualityProfiles] Update profile php/Drupal
2022.05.24 18:43:10 INFO  web[][o.s.s.q.RegisterQualityProfiles] Update profile vbnet/Sonar way
2022.05.24 18:43:10 INFO  web[][o.s.s.q.RegisterQualityProfiles] Update profile ts/Sonar way
2022.05.24 18:43:10 INFO  web[][o.s.s.q.RegisterQualityProfiles] Update profile ts/Sonar way recommended
2022.05.24 18:43:11 INFO  web[][o.s.s.s.RegisterPermissionTemplates] Register permission templates
2022.05.24 18:43:11 INFO  web[][o.s.s.s.RenameDeprecatedPropertyKeys] Rename deprecated property keys
2022.05.24 18:43:11 INFO  web[][o.s.s.p.w.MasterServletFilter] Initializing servlet filter org.sonar.server.ws.WebServiceFilter@19780413 [pattern=UrlPattern{inclusions=[/api/issues/delete_comment.*, ...], exclusions=[/api/properties*, ...]}]
2022.05.24 18:43:11 INFO  web[][o.s.s.p.w.MasterServletFilter] Initializing servlet filter org.sonar.server.ws.DeprecatedPropertiesWsFilter@3135b575 [pattern=UrlPattern{inclusions=[/api/properties/*], exclusions=[]}]
2022.05.24 18:43:11 INFO  web[][o.s.s.p.w.MasterServletFilter] Initializing servlet filter org.sonar.server.ws.WebServiceReroutingFilter@1b1d97ef [pattern=UrlPattern{inclusions=[/api/components/bulk_update_key, ...], exclusions=[]}]
2022.05.24 18:43:11 INFO  web[][o.s.s.p.w.MasterServletFilter] Initializing servlet filter org.sonar.server.authentication.InitFilter@2e4c869a [pattern=UrlPattern{inclusions=[/sessions/init/*], exclusions=[]}]
2022.05.24 18:43:11 INFO  web[][o.s.s.p.w.MasterServletFilter] Initializing servlet filter org.sonar.server.authentication.OAuth2CallbackFilter@279f5fa4 [pattern=UrlPattern{inclusions=[/oauth2/callback/*], exclusions=[]}]
2022.05.24 18:43:11 INFO  web[][o.s.s.p.w.MasterServletFilter] Initializing servlet filter org.sonar.server.authentication.ws.LoginAction@1272f950 [pattern=UrlPattern{inclusions=[/api/authentication/login], exclusions=[]}]
2022.05.24 18:43:11 INFO  web[][o.s.s.p.w.MasterServletFilter] Initializing servlet filter org.sonar.server.authentication.ws.LogoutAction@4f421b47 [pattern=UrlPattern{inclusions=[/api/authentication/logout], exclusions=[]}]
2022.05.24 18:43:11 INFO  web[][o.s.s.p.w.MasterServletFilter] Initializing servlet filter org.sonar.server.authentication.ws.ValidateAction@14850959 [pattern=UrlPattern{inclusions=[/api/authentication/validate], exclusions=[]}]
2022.05.24 18:43:11 INFO  web[][o.s.s.p.p.PlatformLevelStartup] Running Community Edition
2022.05.24 18:43:11 INFO  web[][o.s.s.p.Platform] WebServer is operational
2022.05.24 19:15:01 INFO  web[][o.s.p.ProcessEntryPoint] Gracefully stopping process
2022.05.24 19:15:01 INFO  web[][o.s.s.n.NotificationDaemon] Notification service stopped
2022.05.24 19:15:01 INFO  web[][o.s.p.ProcessEntryPoint] Hard stopping process
2022.05.24 19:15:01 WARN  web[][o.s.p.ProcessEntryPoint$StopperThread] Can not stop in 270000ms
2022.05.24 19:15:01 WARN  web[][o.s.s.a.EmbeddedTomcat] Failed to stop web server
org.apache.catalina.LifecycleException: Failed to stop component [StandardServer[-1]]
	at org.apache.catalina.util.LifecycleBase.stop(LifecycleBase.java:238)
	at org.apache.catalina.startup.Tomcat.stop(Tomcat.java:437)
	at org.sonar.server.app.EmbeddedTomcat.terminate(EmbeddedTomcat.java:104)
	at org.sonar.server.app.WebServer.hardStop(WebServer.java:83)
	at org.sonar.server.app.WebServer.stop(WebServer.java:77)
	at org.sonar.process.ProcessEntryPoint$StopperThread.lambda$new$0(ProcessEntryPoint.java:205)
	at java.base/java.util.concurrent.Executors$RunnableAdapter.call(Executors.java:515)
	at java.base/java.util.concurrent.FutureTask.run(FutureTask.java:264)
	at java.base/java.util.concurrent.ThreadPoolExecutor.runWorker(ThreadPoolExecutor.java:1128)
	at java.base/java.util.concurrent.ThreadPoolExecutor$Worker.run(ThreadPoolExecutor.java:628)
	at java.base/java.lang.Thread.run(Thread.java:829)
Caused by: org.apache.catalina.LifecycleException: Failed to stop component [StandardService[Tomcat]]
	at org.apache.catalina.util.LifecycleBase.stop(LifecycleBase.java:238)
	at org.apache.catalina.core.StandardServer.stopInternal(StandardServer.java:814)
	at org.apache.catalina.util.LifecycleBase.stop(LifecycleBase.java:226)
	... 10 common frames omitted
Caused by: org.apache.catalina.LifecycleException: Failed to stop component [StandardEngine[Tomcat]]
	at org.apache.catalina.util.LifecycleBase.stop(LifecycleBase.java:238)
	at org.apache.catalina.core.StandardService.stopInternal(StandardService.java:486)
	at org.apache.catalina.util.LifecycleBase.stop(LifecycleBase.java:226)
	... 12 common frames omitted
Caused by: org.apache.catalina.LifecycleException: A child container failed during stop
	at org.apache.catalina.core.ContainerBase.stopInternal(ContainerBase.java:1008)
	at org.apache.catalina.util.LifecycleBase.stop(LifecycleBase.java:226)
	... 14 common frames omitted
2022.05.24 19:15:01 INFO  web[][o.s.s.app.WebServer] WebServer stopped
