2022.05.19 18:07:41 INFO  web[][o.s.p.ProcessEntryPoint] Starting web
2022.05.19 18:07:41 INFO  web[][o.a.t.u.n.NioSelectorPool] Using a shared selector for servlet write/read
2022.05.19 18:07:43 INFO  web[][o.e.p.PluginsService] no modules loaded
2022.05.19 18:07:43 INFO  web[][o.e.p.PluginsService] loaded plugin [org.elasticsearch.join.ParentJoinPlugin]
2022.05.19 18:07:43 INFO  web[][o.e.p.PluginsService] loaded plugin [org.elasticsearch.percolator.PercolatorPlugin]
2022.05.19 18:07:43 INFO  web[][o.e.p.PluginsService] loaded plugin [org.elasticsearch.transport.Netty4Plugin]
2022.05.19 18:07:45 INFO  web[][o.s.s.e.EsClientProvider] Connected to local Elasticsearch: [127.0.0.1:9001]
2022.05.19 18:07:45 INFO  web[][o.s.s.p.LogServerVersion] SonarQube Server / 7.8.0.26217 / daf4da5c554d4153a11e68d13a662313e6cecc92
2022.05.19 18:07:45 INFO  web[][o.s.s.p.d.EmbeddedDatabase] Starting embedded database on port 9092 with url jdbc:h2:tcp://127.0.0.1:9092/sonar
2022.05.19 18:07:45 INFO  web[][o.s.s.p.d.EmbeddedDatabase] Embedded database started. Data stored in: /home/alumno/Descargas/sonarqube-7.8/data
2022.05.19 18:07:45 INFO  web[][o.sonar.db.Database] Create JDBC data source for jdbc:h2:tcp://127.0.0.1:9092/sonar
2022.05.19 18:07:45 WARN  web[][o.s.db.dialect.H2] H2 database should be used for evaluation purpose only.
2022.05.19 18:07:47 INFO  web[][o.s.s.p.ServerFileSystemImpl] SonarQube home: /home/alumno/Descargas/sonarqube-7.8
2022.05.19 18:07:47 INFO  web[][o.s.s.u.SystemPasscodeImpl] System authentication by passcode is disabled
2022.05.19 18:07:47 INFO  web[][o.s.s.p.d.m.h.MigrationHistoryTableImpl] Creating table schema_migrations
2022.05.19 18:07:47 INFO  web[][o.s.s.p.ServerPluginRepository] Deploy plugin Git / 1.8.0.1574 / aec3dc8f5228aabd218e1cd31ac6e6515a43715d
2022.05.19 18:07:47 INFO  web[][o.s.s.p.ServerPluginRepository] Deploy plugin GitHub Authentication for SonarQube / 1.5.0.870 / 153f7c7af7a264adb0fcbe5fee87bdd140a6a3a1
2022.05.19 18:07:47 INFO  web[][o.s.s.p.ServerPluginRepository] Deploy plugin JaCoCo / 1.0.1.143 / 65c55e41e32c114704fd597ccea91fc55becb4ec
2022.05.19 18:07:47 INFO  web[][o.s.s.p.ServerPluginRepository] Deploy plugin LDAP / 2.2.0.608 / 79dc3fa4393a29667673c70182f3016288b548b7
2022.05.19 18:07:47 INFO  web[][o.s.s.p.ServerPluginRepository] Deploy plugin SAML 2.0 Authentication for SonarQube / 1.1.0.181 / 16fcb5be2d3bcfee8920b29cd758d8b957a18acb
2022.05.19 18:07:47 INFO  web[][o.s.s.p.ServerPluginRepository] Deploy plugin SonarC# / 7.14.0.8411 / 6b1f3f2cfd9555d0683bf65f400f0acc48452adb
2022.05.19 18:07:47 INFO  web[][o.s.s.p.ServerPluginRepository] Deploy plugin SonarCSS / 1.1.0.993 / ebac7cd722f1f455344f46bd3581a3ba4cfd9003
2022.05.19 18:07:47 INFO  web[][o.s.s.p.ServerPluginRepository] Deploy plugin SonarFlex / 2.4.0.1222 / 68d9cb3b7daccbc4869c4f2b89d09218d26a0829
2022.05.19 18:07:47 INFO  web[][o.s.s.p.ServerPluginRepository] Deploy plugin SonarGo / 1.1.1.2000 / 40d55921c7a63b67386a053490d17b6723a46cd5
2022.05.19 18:07:47 INFO  web[][o.s.s.p.ServerPluginRepository] Deploy plugin SonarHTML / 3.1.0.1615 / 4181edb5eff5605bec82dc0aa15ecd70eaa5857f
2022.05.19 18:07:47 INFO  web[][o.s.s.p.ServerPluginRepository] Deploy plugin SonarJS / 5.2.1.7778 / 49f34eaeaad59868d4353d89b1fc5c02bbe51976
2022.05.19 18:07:47 INFO  web[][o.s.s.p.ServerPluginRepository] Deploy plugin SonarJava / 5.13.0.18197 / 35e70591626e1b27bb059f795dda0327c02a09d3
2022.05.19 18:07:47 INFO  web[][o.s.s.p.ServerPluginRepository] Deploy plugin SonarKotlin / 1.5.0.315 / 4ff3a145a58f3f84f1b39846a205a129d742e993
2022.05.19 18:07:47 INFO  web[][o.s.s.p.ServerPluginRepository] Deploy plugin SonarPHP / 3.1.1.4762 / b5f6f72ed396a6908fd2622a7ef141fde816ee9c
2022.05.19 18:07:47 INFO  web[][o.s.s.p.ServerPluginRepository] Deploy plugin SonarPython / 1.14.0.3086 / a6ac95b01b57bfb5f4ca604b4234595bb9f04b7e
2022.05.19 18:07:47 INFO  web[][o.s.s.p.ServerPluginRepository] Deploy plugin SonarRuby / 1.5.0.315 / 4ff3a145a58f3f84f1b39846a205a129d742e993
2022.05.19 18:07:47 INFO  web[][o.s.s.p.ServerPluginRepository] Deploy plugin SonarScala / 1.5.0.315 / 4ff3a145a58f3f84f1b39846a205a129d742e993
2022.05.19 18:07:47 INFO  web[][o.s.s.p.ServerPluginRepository] Deploy plugin SonarTS / 1.9.0.3766 / 4a4080b78001a78d758d1d0fa0190fb9496b6f57
2022.05.19 18:07:47 INFO  web[][o.s.s.p.ServerPluginRepository] Deploy plugin SonarVB / 7.14.0.8411 / 6b1f3f2cfd9555d0683bf65f400f0acc48452adb
2022.05.19 18:07:47 INFO  web[][o.s.s.p.ServerPluginRepository] Deploy plugin SonarXML / 2.0.1.2020 / c5b84004face582d56f110e24c29bf9c6a679e69
2022.05.19 18:07:47 INFO  web[][o.s.s.p.ServerPluginRepository] Deploy plugin Svn / 1.9.0.1295 / 942e075773975354e32691a60bfd968065703e04
2022.05.19 18:07:48 INFO  web[][o.s.s.p.d.m.AutoDbMigration] Automatically perform DB migration on fresh install
2022.05.19 18:07:49 INFO  web[][o.s.s.p.Platform] Database has been automatically updated
2022.05.19 18:07:49 INFO  web[][o.s.s.p.w.MasterServletFilter] Initializing servlet filter org.sonar.server.ws.WebServiceFilter@117296f1 [pattern=UrlPattern{inclusions=[/api/system/migrate_db.*, ...], exclusions=[/api/properties*, ...]}]
2022.05.19 18:07:49 INFO  web[][o.s.s.a.EmbeddedTomcat] HTTP connector enabled on port 9000
2022.05.19 18:07:52 INFO  web[][o.s.s.p.UpdateCenterClient] Update center: https://update.sonarsource.org/update-center.properties (no proxy)
2022.05.19 18:07:53 INFO  web[][o.s.s.e.IndexCreator] Create index [metadatas]
2022.05.19 18:07:54 INFO  web[][o.s.s.e.IndexCreator] Create type metadatas/metadata
2022.05.19 18:07:54 INFO  web[][o.s.s.e.IndexCreator] Create index [components]
2022.05.19 18:07:54 INFO  web[][o.s.s.e.IndexCreator] Create type components/auth
2022.05.19 18:07:55 INFO  web[][o.s.s.e.IndexCreator] Create index [projectmeasures]
2022.05.19 18:07:55 INFO  web[][o.s.s.e.IndexCreator] Create type projectmeasures/auth
2022.05.19 18:07:55 INFO  web[][o.s.s.e.IndexCreator] Create index [rules]
2022.05.19 18:07:56 INFO  web[][o.s.s.e.IndexCreator] Create type rules/rule
2022.05.19 18:07:56 INFO  web[][o.s.s.e.IndexCreator] Create index [issues]
2022.05.19 18:07:56 INFO  web[][o.s.s.e.IndexCreator] Create type issues/auth
2022.05.19 18:07:56 INFO  web[][o.s.s.e.IndexCreator] Create index [users]
2022.05.19 18:07:56 INFO  web[][o.s.s.e.IndexCreator] Create type users/user
2022.05.19 18:07:56 INFO  web[][o.s.s.e.IndexCreator] Create index [views]
2022.05.19 18:07:56 INFO  web[][o.s.s.e.IndexCreator] Create type views/view
2022.05.19 18:07:57 INFO  web[][o.s.s.s.LogServerId] Server ID: BF41A1F2-AYDdE0eCqYyc8vp6aqPW
2022.05.19 18:07:57 WARN  web[][o.s.s.a.LogOAuthWarning] For security reasons, OAuth authentication should use HTTPS. You should set the property 'Administration > Configuration > Server base URL' to a HTTPS URL.
2022.05.19 18:07:57 WARN  web[][o.s.a.s.w.WebService$Action] The response example is not set on action api/plugins/download
2022.05.19 18:07:57 WARN  web[][o.s.a.s.w.WebService$Action] The response example is not set on action api/permissions/search_templates
2022.05.19 18:07:57 INFO  web[][o.s.s.t.TelemetryDaemon] Sharing of SonarQube statistics is enabled.
2022.05.19 18:07:57 INFO  web[][o.s.s.n.NotificationDaemon] Notification service started (delay 60 sec.)
2022.05.19 18:07:57 INFO  web[][o.s.s.s.GeneratePluginIndex] Generate scanner plugin index
2022.05.19 18:07:57 INFO  web[][o.s.s.s.RegisterPlugins] Register plugins
2022.05.19 18:07:57 INFO  web[][o.s.s.s.RegisterMetrics] Register metrics
2022.05.19 18:07:57 INFO  web[][o.s.s.q.RegisterQualityGates] Built-in quality gate's conditions of [Sonar way] has been updated
2022.05.19 18:07:57 INFO  web[][o.s.s.r.RegisterRules] Register rules
2022.05.19 18:08:19 INFO  web[][o.s.s.q.BuiltInQProfileRepositoryImpl] Load quality profiles
2022.05.19 18:08:22 INFO  web[][o.s.s.q.RegisterQualityProfiles] Register quality profiles
2022.05.19 18:08:22 INFO  web[][o.s.s.q.RegisterQualityProfiles] Register profile css/Sonar way
2022.05.19 18:08:25 INFO  web[][o.s.s.q.RegisterQualityProfiles] Register profile scala/Sonar way
2022.05.19 18:08:25 INFO  web[][o.s.s.q.RegisterQualityProfiles] Register profile jsp/Sonar way
2022.05.19 18:08:25 INFO  web[][o.s.s.q.RegisterQualityProfiles] Register profile kotlin/Sonar way
2022.05.19 18:08:25 INFO  web[][o.s.s.q.RegisterQualityProfiles] Register profile go/Sonar way
2022.05.19 18:08:26 INFO  web[][o.s.s.q.RegisterQualityProfiles] Register profile js/Sonar way Recommended
2022.05.19 18:08:26 INFO  web[][o.s.s.q.RegisterQualityProfiles] Register profile js/Sonar way
2022.05.19 18:08:26 INFO  web[][o.s.s.q.RegisterQualityProfiles] Register profile py/Sonar way
2022.05.19 18:08:26 INFO  web[][o.s.s.q.RegisterQualityProfiles] Register profile ruby/Sonar way
2022.05.19 18:08:26 INFO  web[][o.s.s.q.RegisterQualityProfiles] Register profile cs/Sonar way
2022.05.19 18:08:27 INFO  web[][o.s.s.q.RegisterQualityProfiles] Register profile java/Sonar way
2022.05.19 18:08:27 INFO  web[][o.s.s.q.RegisterQualityProfiles] Register profile web/Sonar way
2022.05.19 18:08:27 INFO  web[][o.s.s.q.RegisterQualityProfiles] Register profile flex/Sonar way
2022.05.19 18:08:27 INFO  web[][o.s.s.q.RegisterQualityProfiles] Register profile xml/Sonar way
2022.05.19 18:08:27 INFO  web[][o.s.s.q.RegisterQualityProfiles] Register profile php/Sonar way
2022.05.19 18:08:28 INFO  web[][o.s.s.q.RegisterQualityProfiles] Register profile php/PSR-2
2022.05.19 18:08:28 INFO  web[][o.s.s.q.RegisterQualityProfiles] Register profile php/Drupal
2022.05.19 18:08:28 INFO  web[][o.s.s.q.RegisterQualityProfiles] Register profile vbnet/Sonar way
2022.05.19 18:08:28 INFO  web[][o.s.s.q.RegisterQualityProfiles] Register profile ts/Sonar way
2022.05.19 18:08:28 INFO  web[][o.s.s.q.RegisterQualityProfiles] Register profile ts/Sonar way recommended
2022.05.19 18:08:28 INFO  web[][o.s.s.s.RegisterPermissionTemplates] Register permission templates
2022.05.19 18:08:28 INFO  web[][o.s.s.s.RenameDeprecatedPropertyKeys] Rename deprecated property keys
2022.05.19 18:08:28 INFO  web[][o.s.s.p.w.MasterServletFilter] Initializing servlet filter org.sonar.server.ws.WebServiceFilter@1444fbb2 [pattern=UrlPattern{inclusions=[/api/issues/delete_comment.*, ...], exclusions=[/api/properties*, ...]}]
2022.05.19 18:08:28 INFO  web[][o.s.s.p.w.MasterServletFilter] Initializing servlet filter org.sonar.server.ws.DeprecatedPropertiesWsFilter@afd5397 [pattern=UrlPattern{inclusions=[/api/properties/*], exclusions=[]}]
2022.05.19 18:08:28 INFO  web[][o.s.s.p.w.MasterServletFilter] Initializing servlet filter org.sonar.server.ws.WebServiceReroutingFilter@169bb203 [pattern=UrlPattern{inclusions=[/api/components/bulk_update_key, ...], exclusions=[]}]
2022.05.19 18:08:28 INFO  web[][o.s.s.p.w.MasterServletFilter] Initializing servlet filter org.sonar.server.authentication.InitFilter@52f0c531 [pattern=UrlPattern{inclusions=[/sessions/init/*], exclusions=[]}]
2022.05.19 18:08:28 INFO  web[][o.s.s.p.w.MasterServletFilter] Initializing servlet filter org.sonar.server.authentication.OAuth2CallbackFilter@598be3fd [pattern=UrlPattern{inclusions=[/oauth2/callback/*], exclusions=[]}]
2022.05.19 18:08:28 INFO  web[][o.s.s.p.w.MasterServletFilter] Initializing servlet filter org.sonar.server.authentication.ws.LoginAction@2a6e669a [pattern=UrlPattern{inclusions=[/api/authentication/login], exclusions=[]}]
2022.05.19 18:08:28 INFO  web[][o.s.s.p.w.MasterServletFilter] Initializing servlet filter org.sonar.server.authentication.ws.LogoutAction@647f1359 [pattern=UrlPattern{inclusions=[/api/authentication/logout], exclusions=[]}]
2022.05.19 18:08:28 INFO  web[][o.s.s.p.w.MasterServletFilter] Initializing servlet filter org.sonar.server.authentication.ws.ValidateAction@5c9754df [pattern=UrlPattern{inclusions=[/api/authentication/validate], exclusions=[]}]
2022.05.19 18:08:28 INFO  web[][o.s.s.e.IndexerStartupTask] Indexing of type [rules/rule/activeRule] ...
2022.05.19 18:08:30 INFO  web[][o.s.s.e.IndexerStartupTask] Indexing of type [rules/rule/activeRule] done | time=2085ms
2022.05.19 18:08:30 INFO  web[][o.s.s.e.IndexerStartupTask] Indexing of types [rules/rule],[rules/rule/ruleExtension] ...
2022.05.19 18:08:37 INFO  web[][o.s.s.e.IndexerStartupTask] Indexing of types [rules/rule],[rules/rule/ruleExtension] done | time=6389ms
2022.05.19 18:08:37 INFO  web[][o.s.s.e.IndexerStartupTask] Indexing of type [users/user] ...
2022.05.19 18:08:37 INFO  web[][o.s.s.e.IndexerStartupTask] Indexing of type [users/user] done | time=165ms
2022.05.19 18:08:37 INFO  web[][o.s.s.e.IndexerStartupTask] Indexing of type [components/auth/component] ...
2022.05.19 18:08:37 INFO  web[][o.s.s.e.IndexerStartupTask] Indexing of type [components/auth/component] done | time=124ms
2022.05.19 18:08:37 INFO  web[][o.s.s.e.IndexerStartupTask] Indexing of type [views/view] ...
2022.05.19 18:08:37 INFO  web[][o.s.s.e.IndexerStartupTask] Indexing of type [views/view] done | time=109ms
2022.05.19 18:08:37 INFO  web[][o.s.s.e.IndexerStartupTask] Indexing of type [issues/auth/issue] ...
2022.05.19 18:08:37 INFO  web[][o.s.s.e.IndexerStartupTask] Indexing of type [issues/auth/issue] done | time=108ms
2022.05.19 18:08:37 INFO  web[][o.s.s.e.IndexerStartupTask] Indexing of types [components/auth],[projectmeasures/auth],[issues/auth] ...
2022.05.19 18:08:37 INFO  web[][o.s.s.e.IndexerStartupTask] Indexing of types [components/auth],[projectmeasures/auth],[issues/auth] done | time=92ms
2022.05.19 18:08:37 INFO  web[][o.s.s.e.IndexerStartupTask] Indexing of type [projectmeasures/auth/projectmeasure] ...
2022.05.19 18:08:37 INFO  web[][o.s.s.e.IndexerStartupTask] Indexing of type [projectmeasures/auth/projectmeasure] done | time=70ms
2022.05.19 18:08:37 INFO  web[][o.s.s.p.p.PlatformLevelStartup] Running Community Edition
2022.05.19 18:08:37 INFO  web[][o.s.s.p.Platform] WebServer is operational
2022.05.19 18:56:53 INFO  web[][o.s.p.ProcessEntryPoint] Gracefully stopping process
2022.05.19 18:56:53 INFO  web[][o.s.s.n.NotificationDaemon] Notification service stopped
2022.05.19 18:56:53 INFO  web[][o.s.s.p.d.EmbeddedDatabase] Embedded database stopped
2022.05.19 18:56:53 INFO  web[][o.s.s.app.WebServer] WebServer stopped
2022.05.19 19:04:13 INFO  web[][o.s.p.ProcessEntryPoint] Starting web
2022.05.19 19:04:14 INFO  web[][o.a.t.u.n.NioSelectorPool] Using a shared selector for servlet write/read
2022.05.19 19:04:16 INFO  web[][o.e.p.PluginsService] no modules loaded
2022.05.19 19:04:16 INFO  web[][o.e.p.PluginsService] loaded plugin [org.elasticsearch.join.ParentJoinPlugin]
2022.05.19 19:04:16 INFO  web[][o.e.p.PluginsService] loaded plugin [org.elasticsearch.percolator.PercolatorPlugin]
2022.05.19 19:04:16 INFO  web[][o.e.p.PluginsService] loaded plugin [org.elasticsearch.transport.Netty4Plugin]
2022.05.19 19:04:19 INFO  web[][o.s.s.e.EsClientProvider] Connected to local Elasticsearch: [127.0.0.1:9001]
2022.05.19 19:04:19 INFO  web[][o.s.s.p.LogServerVersion] SonarQube Server / 7.8.0.26217 / daf4da5c554d4153a11e68d13a662313e6cecc92
2022.05.19 19:04:20 INFO  web[][o.s.s.p.d.EmbeddedDatabase] Starting embedded database on port 9092 with url jdbc:h2:tcp://127.0.0.1:9092/sonar
2022.05.19 19:04:20 INFO  web[][o.s.s.p.d.EmbeddedDatabase] Embedded database started. Data stored in: /home/alumno/Descargas/sonarqube-7.8/data
2022.05.19 19:04:20 INFO  web[][o.sonar.db.Database] Create JDBC data source for jdbc:h2:tcp://127.0.0.1:9092/sonar
2022.05.19 19:04:21 WARN  web[][o.s.db.dialect.H2] H2 database should be used for evaluation purpose only.
2022.05.19 19:04:23 INFO  web[][o.s.s.p.ServerFileSystemImpl] SonarQube home: /home/alumno/Descargas/sonarqube-7.8
2022.05.19 19:04:23 INFO  web[][o.s.s.u.SystemPasscodeImpl] System authentication by passcode is disabled
2022.05.19 19:04:24 INFO  web[][o.s.s.p.ServerPluginRepository] Deploy plugin Git / 1.8.0.1574 / aec3dc8f5228aabd218e1cd31ac6e6515a43715d
2022.05.19 19:04:24 INFO  web[][o.s.s.p.ServerPluginRepository] Deploy plugin GitHub Authentication for SonarQube / 1.5.0.870 / 153f7c7af7a264adb0fcbe5fee87bdd140a6a3a1
2022.05.19 19:04:24 INFO  web[][o.s.s.p.ServerPluginRepository] Deploy plugin JaCoCo / 1.0.1.143 / 65c55e41e32c114704fd597ccea91fc55becb4ec
2022.05.19 19:04:24 INFO  web[][o.s.s.p.ServerPluginRepository] Deploy plugin LDAP / 2.2.0.608 / 79dc3fa4393a29667673c70182f3016288b548b7
2022.05.19 19:04:24 INFO  web[][o.s.s.p.ServerPluginRepository] Deploy plugin SAML 2.0 Authentication for SonarQube / 1.1.0.181 / 16fcb5be2d3bcfee8920b29cd758d8b957a18acb
2022.05.19 19:04:24 INFO  web[][o.s.s.p.ServerPluginRepository] Deploy plugin SonarC# / 7.14.0.8411 / 6b1f3f2cfd9555d0683bf65f400f0acc48452adb
2022.05.19 19:04:24 INFO  web[][o.s.s.p.ServerPluginRepository] Deploy plugin SonarCSS / 1.1.0.993 / ebac7cd722f1f455344f46bd3581a3ba4cfd9003
2022.05.19 19:04:24 INFO  web[][o.s.s.p.ServerPluginRepository] Deploy plugin SonarFlex / 2.4.0.1222 / 68d9cb3b7daccbc4869c4f2b89d09218d26a0829
2022.05.19 19:04:24 INFO  web[][o.s.s.p.ServerPluginRepository] Deploy plugin SonarGo / 1.1.1.2000 / 40d55921c7a63b67386a053490d17b6723a46cd5
2022.05.19 19:04:24 INFO  web[][o.s.s.p.ServerPluginRepository] Deploy plugin SonarHTML / 3.1.0.1615 / 4181edb5eff5605bec82dc0aa15ecd70eaa5857f
2022.05.19 19:04:24 INFO  web[][o.s.s.p.ServerPluginRepository] Deploy plugin SonarJS / 5.2.1.7778 / 49f34eaeaad59868d4353d89b1fc5c02bbe51976
2022.05.19 19:04:24 INFO  web[][o.s.s.p.ServerPluginRepository] Deploy plugin SonarJava / 5.13.0.18197 / 35e70591626e1b27bb059f795dda0327c02a09d3
2022.05.19 19:04:24 INFO  web[][o.s.s.p.ServerPluginRepository] Deploy plugin SonarKotlin / 1.5.0.315 / 4ff3a145a58f3f84f1b39846a205a129d742e993
2022.05.19 19:04:24 INFO  web[][o.s.s.p.ServerPluginRepository] Deploy plugin SonarPHP / 3.1.1.4762 / b5f6f72ed396a6908fd2622a7ef141fde816ee9c
2022.05.19 19:04:24 INFO  web[][o.s.s.p.ServerPluginRepository] Deploy plugin SonarPython / 1.14.0.3086 / a6ac95b01b57bfb5f4ca604b4234595bb9f04b7e
2022.05.19 19:04:24 INFO  web[][o.s.s.p.ServerPluginRepository] Deploy plugin SonarRuby / 1.5.0.315 / 4ff3a145a58f3f84f1b39846a205a129d742e993
2022.05.19 19:04:24 INFO  web[][o.s.s.p.ServerPluginRepository] Deploy plugin SonarScala / 1.5.0.315 / 4ff3a145a58f3f84f1b39846a205a129d742e993
2022.05.19 19:04:24 INFO  web[][o.s.s.p.ServerPluginRepository] Deploy plugin SonarTS / 1.9.0.3766 / 4a4080b78001a78d758d1d0fa0190fb9496b6f57
2022.05.19 19:04:24 INFO  web[][o.s.s.p.ServerPluginRepository] Deploy plugin SonarVB / 7.14.0.8411 / 6b1f3f2cfd9555d0683bf65f400f0acc48452adb
2022.05.19 19:04:24 INFO  web[][o.s.s.p.ServerPluginRepository] Deploy plugin SonarXML / 2.0.1.2020 / c5b84004face582d56f110e24c29bf9c6a679e69
2022.05.19 19:04:24 INFO  web[][o.s.s.p.ServerPluginRepository] Deploy plugin Svn / 1.9.0.1295 / 942e075773975354e32691a60bfd968065703e04
2022.05.19 19:04:26 INFO  web[][o.s.s.p.w.MasterServletFilter] Initializing servlet filter org.sonar.server.ws.WebServiceFilter@3845c925 [pattern=UrlPattern{inclusions=[/api/system/migrate_db.*, ...], exclusions=[/api/properties*, ...]}]
2022.05.19 19:04:26 INFO  web[][o.s.s.a.EmbeddedTomcat] HTTP connector enabled on port 9000
2022.05.19 19:04:29 INFO  web[][o.s.s.p.UpdateCenterClient] Update center: https://update.sonarsource.org/update-center.properties (no proxy)
2022.05.19 19:04:31 INFO  web[][o.s.s.s.LogServerId] Server ID: BF41A1F2-AYDdE0eCqYyc8vp6aqPW
2022.05.19 19:04:31 WARN  web[][o.s.s.a.LogOAuthWarning] For security reasons, OAuth authentication should use HTTPS. You should set the property 'Administration > Configuration > Server base URL' to a HTTPS URL.
2022.05.19 19:04:32 WARN  web[][o.s.a.s.w.WebService$Action] The response example is not set on action api/plugins/download
2022.05.19 19:04:32 WARN  web[][o.s.a.s.w.WebService$Action] The response example is not set on action api/permissions/search_templates
2022.05.19 19:04:32 INFO  web[][o.s.s.t.TelemetryDaemon] Sharing of SonarQube statistics is enabled.
2022.05.19 19:04:32 INFO  web[][o.s.s.n.NotificationDaemon] Notification service started (delay 60 sec.)
2022.05.19 19:04:32 INFO  web[][o.s.s.s.GeneratePluginIndex] Generate scanner plugin index
2022.05.19 19:04:32 INFO  web[][o.s.s.s.RegisterPlugins] Register plugins
2022.05.19 19:04:32 INFO  web[][o.s.s.s.RegisterMetrics] Register metrics
2022.05.19 19:04:32 INFO  web[][o.s.s.r.RegisterRules] Register rules
2022.05.19 19:04:44 INFO  web[][o.s.s.q.BuiltInQProfileRepositoryImpl] Load quality profiles
2022.05.19 19:04:46 INFO  web[][o.s.s.q.RegisterQualityProfiles] Register quality profiles
2022.05.19 19:04:46 INFO  web[][o.s.s.q.RegisterQualityProfiles] Update profile css/Sonar way
2022.05.19 19:04:47 INFO  web[][o.s.s.q.RegisterQualityProfiles] Update profile scala/Sonar way
2022.05.19 19:04:47 INFO  web[][o.s.s.q.RegisterQualityProfiles] Update profile jsp/Sonar way
2022.05.19 19:04:47 INFO  web[][o.s.s.q.RegisterQualityProfiles] Update profile kotlin/Sonar way
2022.05.19 19:04:48 INFO  web[][o.s.s.q.RegisterQualityProfiles] Update profile go/Sonar way
2022.05.19 19:04:48 INFO  web[][o.s.s.q.RegisterQualityProfiles] Update profile js/Sonar way Recommended
2022.05.19 19:04:48 INFO  web[][o.s.s.q.RegisterQualityProfiles] Update profile js/Sonar way
2022.05.19 19:04:49 INFO  web[][o.s.s.q.RegisterQualityProfiles] Update profile py/Sonar way
2022.05.19 19:04:49 INFO  web[][o.s.s.q.RegisterQualityProfiles] Update profile ruby/Sonar way
2022.05.19 19:04:50 INFO  web[][o.s.s.q.RegisterQualityProfiles] Update profile cs/Sonar way
2022.05.19 19:04:50 INFO  web[][o.s.s.q.RegisterQualityProfiles] Update profile java/Sonar way
2022.05.19 19:04:51 INFO  web[][o.s.s.q.RegisterQualityProfiles] Update profile web/Sonar way
2022.05.19 19:04:51 INFO  web[][o.s.s.q.RegisterQualityProfiles] Update profile flex/Sonar way
2022.05.19 19:04:51 INFO  web[][o.s.s.q.RegisterQualityProfiles] Update profile xml/Sonar way
2022.05.19 19:04:51 INFO  web[][o.s.s.q.RegisterQualityProfiles] Update profile php/Sonar way
2022.05.19 19:04:51 INFO  web[][o.s.s.q.RegisterQualityProfiles] Update profile php/PSR-2
2022.05.19 19:04:52 INFO  web[][o.s.s.q.RegisterQualityProfiles] Update profile php/Drupal
2022.05.19 19:04:52 INFO  web[][o.s.s.q.RegisterQualityProfiles] Update profile vbnet/Sonar way
2022.05.19 19:04:52 INFO  web[][o.s.s.q.RegisterQualityProfiles] Update profile ts/Sonar way
2022.05.19 19:04:52 INFO  web[][o.s.s.q.RegisterQualityProfiles] Update profile ts/Sonar way recommended
2022.05.19 19:04:52 INFO  web[][o.s.s.s.RegisterPermissionTemplates] Register permission templates
2022.05.19 19:04:52 INFO  web[][o.s.s.s.RenameDeprecatedPropertyKeys] Rename deprecated property keys
2022.05.19 19:04:52 INFO  web[][o.s.s.p.w.MasterServletFilter] Initializing servlet filter org.sonar.server.ws.WebServiceFilter@1c5982c4 [pattern=UrlPattern{inclusions=[/api/issues/delete_comment.*, ...], exclusions=[/api/properties*, ...]}]
2022.05.19 19:04:52 INFO  web[][o.s.s.p.w.MasterServletFilter] Initializing servlet filter org.sonar.server.ws.DeprecatedPropertiesWsFilter@3e5b9b19 [pattern=UrlPattern{inclusions=[/api/properties/*], exclusions=[]}]
2022.05.19 19:04:52 INFO  web[][o.s.s.p.w.MasterServletFilter] Initializing servlet filter org.sonar.server.ws.WebServiceReroutingFilter@4788942f [pattern=UrlPattern{inclusions=[/api/components/bulk_update_key, ...], exclusions=[]}]
2022.05.19 19:04:52 INFO  web[][o.s.s.p.w.MasterServletFilter] Initializing servlet filter org.sonar.server.authentication.InitFilter@7fc2668c [pattern=UrlPattern{inclusions=[/sessions/init/*], exclusions=[]}]
2022.05.19 19:04:52 INFO  web[][o.s.s.p.w.MasterServletFilter] Initializing servlet filter org.sonar.server.authentication.OAuth2CallbackFilter@9163d26 [pattern=UrlPattern{inclusions=[/oauth2/callback/*], exclusions=[]}]
2022.05.19 19:04:52 INFO  web[][o.s.s.p.w.MasterServletFilter] Initializing servlet filter org.sonar.server.authentication.ws.LoginAction@a6e3128 [pattern=UrlPattern{inclusions=[/api/authentication/login], exclusions=[]}]
2022.05.19 19:04:52 INFO  web[][o.s.s.p.w.MasterServletFilter] Initializing servlet filter org.sonar.server.authentication.ws.LogoutAction@5f35c66b [pattern=UrlPattern{inclusions=[/api/authentication/logout], exclusions=[]}]
2022.05.19 19:04:52 INFO  web[][o.s.s.p.w.MasterServletFilter] Initializing servlet filter org.sonar.server.authentication.ws.ValidateAction@64767af8 [pattern=UrlPattern{inclusions=[/api/authentication/validate], exclusions=[]}]
2022.05.19 19:04:52 INFO  web[][o.s.s.p.p.PlatformLevelStartup] Running Community Edition
2022.05.19 19:04:52 INFO  web[][o.s.s.p.Platform] WebServer is operational
2022.05.19 19:21:59 WARN  web[][o.e.t.OutboundHandler] send message failed [channel: Netty4TcpChannel{localAddress=0.0.0.0/0.0.0.0:53706, remoteAddress=/127.0.0.1:9001}]
java.nio.channels.ClosedChannelException: null
	at io.netty.channel.AbstractChannel$AbstractUnsafe.write(...)(Unknown Source)
2022.05.19 19:21:59 WARN  web[][o.e.t.OutboundHandler] send message failed [channel: Netty4TcpChannel{localAddress=0.0.0.0/0.0.0.0:53644, remoteAddress=/127.0.0.1:9001}]
java.nio.channels.ClosedChannelException: null
	at io.netty.channel.AbstractChannel$AbstractUnsafe.write(...)(Unknown Source)
